# Logfile created on 2020-04-20 23:57:33 +0300 by logger.rb/61378
  INFO ---------------------------------------------------------------------------
  INFO START 2020-04-20 23:57:33 +0300 cap production deploy:check
  INFO ---------------------------------------------------------------------------
  INFO [4f285709] Running /usr/bin/env mkdir -p /tmp as iloilo@api.ilo-ilo.me
 DEBUG [4f285709] Command: /usr/bin/env mkdir -p /tmp
  INFO [4f285709] Finished in 0.579 seconds with exit status 0 (successful).
 DEBUG Uploading /tmp/git-ssh-iloilo-client-production-irudym.sh 0.0%
  INFO Uploading /tmp/git-ssh-iloilo-client-production-irudym.sh 100.0%
  INFO [c400adfb] Running /usr/bin/env chmod 700 /tmp/git-ssh-iloilo-client-production-irudym.sh as iloilo@api.ilo-ilo.me
 DEBUG [c400adfb] Command: /usr/bin/env chmod 700 /tmp/git-ssh-iloilo-client-production-irudym.sh
  INFO [c400adfb] Finished in 0.059 seconds with exit status 0 (successful).
  INFO [e73e3e87] Running /usr/bin/env git ls-remote git@github.com:irudym/iloilo-client HEAD as iloilo@api.ilo-ilo.me
 DEBUG [e73e3e87] Command: ( export GIT_ASKPASS="/bin/echo" GIT_SSH="/tmp/git-ssh-iloilo-client-production-irudym.sh" ; /usr/bin/env git ls-remote git@github.com:irudym/iloilo-client HEAD )
 DEBUG [e73e3e87] 	eae702d4a93121f82c0bd27625159606678757d4	HEAD
  INFO [e73e3e87] Finished in 1.632 seconds with exit status 0 (successful).
  INFO [a41979f9] Running /usr/bin/env mkdir -p /var/www/iloilo-client-test/shared /var/www/iloilo-client-test/releases as iloilo@api.ilo-ilo.me
 DEBUG [a41979f9] Command: /usr/bin/env mkdir -p /var/www/iloilo-client-test/shared /var/www/iloilo-client-test/releases
 DEBUG [a41979f9] 	mkdir: cannot create directory '/var/www/iloilo-client-test': Permission denied
mkdir: cannot create directory '/var/www/iloilo-client-test': Permission denied
  INFO ---------------------------------------------------------------------------
  INFO START 2020-04-20 23:57:57 +0300 cap production check_write_permissions
  INFO ---------------------------------------------------------------------------
  INFO ---------------------------------------------------------------------------
  INFO START 2020-04-20 23:59:29 +0300 cap production check_write_permissions
  INFO ---------------------------------------------------------------------------
 DEBUG [2296237e] Running [ -w /var/www/iloilo-client-test ] as iloilo@api.ilo-ilo.me
 DEBUG [2296237e] Command: [ -w /var/www/iloilo-client-test ]
 DEBUG [2296237e] Finished in 0.335 seconds with exit status 1 (failed).
 ERROR #fetch(:deploy_to)} is not writable on api.ilo-ilo.me
  INFO ---------------------------------------------------------------------------
  INFO START 2020-04-20 23:59:47 +0300 cap production check_write_permissions
  INFO ---------------------------------------------------------------------------
 DEBUG [58afd272] Running [ -w /var/www/iloilo-client-test ] as iloilo@api.ilo-ilo.me
 DEBUG [58afd272] Command: [ -w /var/www/iloilo-client-test ]
 DEBUG [58afd272] Finished in 0.345 seconds with exit status 1 (failed).
 ERROR /var/www/iloilo-client-test is not writable on api.ilo-ilo.me
  INFO ---------------------------------------------------------------------------
  INFO START 2020-04-21 16:34:52 +0300 cap production deploy
  INFO ---------------------------------------------------------------------------
  INFO [e5a29c11] Running /usr/bin/env mkdir -p /tmp as iloilo@ilo-ilo.me
 DEBUG [e5a29c11] Command: /usr/bin/env mkdir -p /tmp
  INFO [e5a29c11] Finished in 0.512 seconds with exit status 0 (successful).
 DEBUG Uploading /tmp/git-ssh-iloilo-client-production-irudym.sh 0.0%
  INFO Uploading /tmp/git-ssh-iloilo-client-production-irudym.sh 100.0%
  INFO [846051a6] Running /usr/bin/env chmod 700 /tmp/git-ssh-iloilo-client-production-irudym.sh as iloilo@ilo-ilo.me
 DEBUG [846051a6] Command: /usr/bin/env chmod 700 /tmp/git-ssh-iloilo-client-production-irudym.sh
  INFO [846051a6] Finished in 0.074 seconds with exit status 0 (successful).
  INFO [a2595699] Running /usr/bin/env git ls-remote git@github.com:irudym/iloilo-client HEAD as iloilo@ilo-ilo.me
 DEBUG [a2595699] Command: ( export GIT_ASKPASS="/bin/echo" GIT_SSH="/tmp/git-ssh-iloilo-client-production-irudym.sh" ; /usr/bin/env git ls-remote git@github.com:irudym/iloilo-client HEAD )
 DEBUG [a2595699] 	eae702d4a93121f82c0bd27625159606678757d4	HEAD
  INFO [a2595699] Finished in 1.662 seconds with exit status 0 (successful).
  INFO [dbdb945c] Running /usr/bin/env mkdir -p /var/www/iloilo-client-test/shared /var/www/iloilo-client-test/releases as iloilo@ilo-ilo.me
 DEBUG [dbdb945c] Command: /usr/bin/env mkdir -p /var/www/iloilo-client-test/shared /var/www/iloilo-client-test/releases
 DEBUG [dbdb945c] 	mkdir: cannot create directory '/var/www/iloilo-client-test': Permission denied
mkdir: cannot create directory '/var/www/iloilo-client-test': Permission denied
  INFO ---------------------------------------------------------------------------
  INFO START 2020-04-21 16:36:34 +0300 cap production deploy
  INFO ---------------------------------------------------------------------------
  INFO [83fe4449] Running /usr/bin/env mkdir -p /tmp as iloilo@ilo-ilo.me
 DEBUG [83fe4449] Command: /usr/bin/env mkdir -p /tmp
  INFO [83fe4449] Finished in 0.308 seconds with exit status 0 (successful).
 DEBUG Uploading /tmp/git-ssh-iloilo-client-production-irudym.sh 0.0%
  INFO Uploading /tmp/git-ssh-iloilo-client-production-irudym.sh 100.0%
  INFO [41dc5d4c] Running /usr/bin/env chmod 700 /tmp/git-ssh-iloilo-client-production-irudym.sh as iloilo@ilo-ilo.me
 DEBUG [41dc5d4c] Command: /usr/bin/env chmod 700 /tmp/git-ssh-iloilo-client-production-irudym.sh
  INFO [41dc5d4c] Finished in 0.057 seconds with exit status 0 (successful).
  INFO [32352958] Running /usr/bin/env git ls-remote git@github.com:irudym/iloilo-client HEAD as iloilo@ilo-ilo.me
 DEBUG [32352958] Command: ( export GIT_ASKPASS="/bin/echo" GIT_SSH="/tmp/git-ssh-iloilo-client-production-irudym.sh" ; /usr/bin/env git ls-remote git@github.com:irudym/iloilo-client HEAD )
 DEBUG [32352958] 	eae702d4a93121f82c0bd27625159606678757d4	HEAD
  INFO [32352958] Finished in 1.734 seconds with exit status 0 (successful).
  INFO [7fbfb156] Running /usr/bin/env mkdir -p /var/www/iloilo-client-test/shared /var/www/iloilo-client-test/releases as iloilo@ilo-ilo.me
 DEBUG [7fbfb156] Command: /usr/bin/env mkdir -p /var/www/iloilo-client-test/shared /var/www/iloilo-client-test/releases
 DEBUG [7fbfb156] 	mkdir: cannot create directory '/var/www/iloilo-client-test/shared': Permission denied
mkdir: cannot create directory '/var/www/iloilo-client-test/releases': Permission denied
  INFO ---------------------------------------------------------------------------
  INFO START 2020-04-21 16:37:23 +0300 cap production deploy
  INFO ---------------------------------------------------------------------------
  INFO [27020c97] Running /usr/bin/env mkdir -p /tmp as iloilo@ilo-ilo.me
 DEBUG [27020c97] Command: /usr/bin/env mkdir -p /tmp
  INFO [27020c97] Finished in 0.334 seconds with exit status 0 (successful).
 DEBUG Uploading /tmp/git-ssh-iloilo-client-production-irudym.sh 0.0%
  INFO Uploading /tmp/git-ssh-iloilo-client-production-irudym.sh 100.0%
  INFO [44f57a7f] Running /usr/bin/env chmod 700 /tmp/git-ssh-iloilo-client-production-irudym.sh as iloilo@ilo-ilo.me
 DEBUG [44f57a7f] Command: /usr/bin/env chmod 700 /tmp/git-ssh-iloilo-client-production-irudym.sh
  INFO [44f57a7f] Finished in 0.085 seconds with exit status 0 (successful).
  INFO [5b8ba719] Running /usr/bin/env git ls-remote git@github.com:irudym/iloilo-client HEAD as iloilo@ilo-ilo.me
 DEBUG [5b8ba719] Command: ( export GIT_ASKPASS="/bin/echo" GIT_SSH="/tmp/git-ssh-iloilo-client-production-irudym.sh" ; /usr/bin/env git ls-remote git@github.com:irudym/iloilo-client HEAD )
 DEBUG [5b8ba719] 	eae702d4a93121f82c0bd27625159606678757d4	HEAD
  INFO [5b8ba719] Finished in 1.833 seconds with exit status 0 (successful).
  INFO [2c38377d] Running /usr/bin/env mkdir -p /var/www/iloilo-client-test/shared /var/www/iloilo-client-test/releases as iloilo@ilo-ilo.me
 DEBUG [2c38377d] Command: /usr/bin/env mkdir -p /var/www/iloilo-client-test/shared /var/www/iloilo-client-test/releases
  INFO [2c38377d] Finished in 0.028 seconds with exit status 0 (successful).
  INFO [5d74f880] Running /usr/bin/env mkdir -p /var/www/iloilo-client-test/shared/node_modules as iloilo@ilo-ilo.me
 DEBUG [5d74f880] Command: /usr/bin/env mkdir -p /var/www/iloilo-client-test/shared/node_modules
  INFO [5d74f880] Finished in 0.055 seconds with exit status 0 (successful).
 DEBUG [1f1faa51] Running [ -f /var/www/iloilo-client-test/current/REVISION ] as iloilo@ilo-ilo.me
 DEBUG [1f1faa51] Command: [ -f /var/www/iloilo-client-test/current/REVISION ]
 DEBUG [1f1faa51] Finished in 0.058 seconds with exit status 1 (failed).
 DEBUG [7c496105] Running [ -f /var/www/iloilo-client-test/repo/HEAD ] as iloilo@ilo-ilo.me
 DEBUG [7c496105] Command: [ -f /var/www/iloilo-client-test/repo/HEAD ]
 DEBUG [7c496105] Finished in 0.053 seconds with exit status 1 (failed).
 DEBUG [a96a6f23] Running if test ! -d /var/www/iloilo-client-test; then echo "Directory does not exist '/var/www/iloilo-client-test'" 1>&2; false; fi as iloilo@ilo-ilo.me
 DEBUG [a96a6f23] Command: if test ! -d /var/www/iloilo-client-test; then echo "Directory does not exist '/var/www/iloilo-client-test'" 1>&2; false; fi
 DEBUG [a96a6f23] Finished in 0.094 seconds with exit status 0 (successful).
  INFO [e801b8a8] Running /usr/bin/env git clone --mirror git@github.com:irudym/iloilo-client /var/www/iloilo-client-test/repo as iloilo@ilo-ilo.me
 DEBUG [e801b8a8] Command: cd /var/www/iloilo-client-test && ( export GIT_ASKPASS="/bin/echo" GIT_SSH="/tmp/git-ssh-iloilo-client-production-irudym.sh" ; /usr/bin/env git clone --mirror git@github.com:irudym/iloilo-client /var/www/iloilo-client-test/repo )
 DEBUG [e801b8a8] 	Cloning into bare repository '/var/www/iloilo-client-test/repo'...
  INFO [e801b8a8] Finished in 2.525 seconds with exit status 0 (successful).
 DEBUG [122d63ec] Running if test ! -d /var/www/iloilo-client-test/repo; then echo "Directory does not exist '/var/www/iloilo-client-test/repo'" 1>&2; false; fi as iloilo@ilo-ilo.me
 DEBUG [122d63ec] Command: if test ! -d /var/www/iloilo-client-test/repo; then echo "Directory does not exist '/var/www/iloilo-client-test/repo'" 1>&2; false; fi
 DEBUG [122d63ec] Finished in 0.057 seconds with exit status 0 (successful).
  INFO [c9c06a56] Running /usr/bin/env git remote set-url origin git@github.com:irudym/iloilo-client as iloilo@ilo-ilo.me
 DEBUG [c9c06a56] Command: cd /var/www/iloilo-client-test/repo && ( export GIT_ASKPASS="/bin/echo" GIT_SSH="/tmp/git-ssh-iloilo-client-production-irudym.sh" ; /usr/bin/env git remote set-url origin git@github.com:irudym/iloilo-client )
  INFO [c9c06a56] Finished in 0.067 seconds with exit status 0 (successful).
  INFO [1a7adc1b] Running /usr/bin/env git remote update --prune as iloilo@ilo-ilo.me
 DEBUG [1a7adc1b] Command: cd /var/www/iloilo-client-test/repo && ( export GIT_ASKPASS="/bin/echo" GIT_SSH="/tmp/git-ssh-iloilo-client-production-irudym.sh" ; /usr/bin/env git remote update --prune )
 DEBUG [1a7adc1b] 	Fetching origin
  INFO [1a7adc1b] Finished in 1.641 seconds with exit status 0 (successful).
 DEBUG [899be792] Running if test ! -d /var/www/iloilo-client-test/repo; then echo "Directory does not exist '/var/www/iloilo-client-test/repo'" 1>&2; false; fi as iloilo@ilo-ilo.me
 DEBUG [899be792] Command: if test ! -d /var/www/iloilo-client-test/repo; then echo "Directory does not exist '/var/www/iloilo-client-test/repo'" 1>&2; false; fi
 DEBUG [899be792] Finished in 0.024 seconds with exit status 0 (successful).
  INFO [ae5b5ee4] Running /usr/bin/env mkdir -p /var/www/iloilo-client-test/releases/20200421133726 as iloilo@ilo-ilo.me
 DEBUG [ae5b5ee4] Command: cd /var/www/iloilo-client-test/repo && ( export GIT_ASKPASS="/bin/echo" GIT_SSH="/tmp/git-ssh-iloilo-client-production-irudym.sh" ; /usr/bin/env mkdir -p /var/www/iloilo-client-test/releases/20200421133726 )
  INFO [ae5b5ee4] Finished in 0.063 seconds with exit status 0 (successful).
  INFO [0ea95916] Running /usr/bin/env git archive master | /usr/bin/env tar -x -f - -C /var/www/iloilo-client-test/releases/20200421133726 as iloilo@ilo-ilo.me
 DEBUG [0ea95916] Command: cd /var/www/iloilo-client-test/repo && ( export GIT_ASKPASS="/bin/echo" GIT_SSH="/tmp/git-ssh-iloilo-client-production-irudym.sh" ; /usr/bin/env git archive master | /usr/bin/env tar -x -f - -C /var/www/iloilo-client-test/releases/20200421133726 )
  INFO [0ea95916] Finished in 0.089 seconds with exit status 0 (successful).
 DEBUG [dec458d2] Running if test ! -d /var/www/iloilo-client-test/repo; then echo "Directory does not exist '/var/www/iloilo-client-test/repo'" 1>&2; false; fi as iloilo@ilo-ilo.me
 DEBUG [dec458d2] Command: if test ! -d /var/www/iloilo-client-test/repo; then echo "Directory does not exist '/var/www/iloilo-client-test/repo'" 1>&2; false; fi
 DEBUG [dec458d2] Finished in 0.062 seconds with exit status 0 (successful).
 DEBUG [ddf6b72d] Running /usr/bin/env git rev-list --max-count=1 master as iloilo@ilo-ilo.me
 DEBUG [ddf6b72d] Command: cd /var/www/iloilo-client-test/repo && ( export GIT_ASKPASS="/bin/echo" GIT_SSH="/tmp/git-ssh-iloilo-client-production-irudym.sh" ; /usr/bin/env git rev-list --max-count=1 master )
 DEBUG [ddf6b72d] 	eae702d4a93121f82c0bd27625159606678757d4
 DEBUG [ddf6b72d] Finished in 0.071 seconds with exit status 0 (successful).
 DEBUG [9dcfdad0] Running if test ! -d /var/www/iloilo-client-test/releases/20200421133726; then echo "Directory does not exist '/var/www/iloilo-client-test/releases/20200421133726'" 1>&2; false; fi as iloilo@ilo-ilo.me
 DEBUG [9dcfdad0] Command: if test ! -d /var/www/iloilo-client-test/releases/20200421133726; then echo "Directory does not exist '/var/www/iloilo-client-test/releases/20200421133726'" 1>&2; false; fi
 DEBUG [9dcfdad0] Finished in 0.058 seconds with exit status 0 (successful).
  INFO [987645cb] Running /usr/bin/env echo "eae702d4a93121f82c0bd27625159606678757d4" > REVISION as iloilo@ilo-ilo.me
 DEBUG [987645cb] Command: cd /var/www/iloilo-client-test/releases/20200421133726 && /usr/bin/env echo "eae702d4a93121f82c0bd27625159606678757d4" > REVISION
  INFO [987645cb] Finished in 0.058 seconds with exit status 0 (successful).
  INFO [3607fab3] Running /usr/bin/env mkdir -p /var/www/iloilo-client-test/releases/20200421133726 as iloilo@ilo-ilo.me
 DEBUG [3607fab3] Command: /usr/bin/env mkdir -p /var/www/iloilo-client-test/releases/20200421133726
  INFO [3607fab3] Finished in 0.065 seconds with exit status 0 (successful).
 DEBUG [2efdf8b0] Running [ -L /var/www/iloilo-client-test/releases/20200421133726/node_modules ] as iloilo@ilo-ilo.me
 DEBUG [2efdf8b0] Command: [ -L /var/www/iloilo-client-test/releases/20200421133726/node_modules ]
 DEBUG [2efdf8b0] Finished in 0.061 seconds with exit status 1 (failed).
 DEBUG [693111f0] Running [ -d /var/www/iloilo-client-test/releases/20200421133726/node_modules ] as iloilo@ilo-ilo.me
 DEBUG [693111f0] Command: [ -d /var/www/iloilo-client-test/releases/20200421133726/node_modules ]
 DEBUG [693111f0] Finished in 0.034 seconds with exit status 1 (failed).
  INFO [894b0442] Running /usr/bin/env ln -s /var/www/iloilo-client-test/shared/node_modules /var/www/iloilo-client-test/releases/20200421133726/node_modules as iloilo@ilo-ilo.me
 DEBUG [894b0442] Command: /usr/bin/env ln -s /var/www/iloilo-client-test/shared/node_modules /var/www/iloilo-client-test/releases/20200421133726/node_modules
  INFO [894b0442] Finished in 0.062 seconds with exit status 0 (successful).
  INFO [84560d98] Running /usr/bin/env ln -s /var/www/iloilo-client-test/releases/20200421133726 /var/www/iloilo-client-test/releases/current as iloilo@ilo-ilo.me
 DEBUG [84560d98] Command: /usr/bin/env ln -s /var/www/iloilo-client-test/releases/20200421133726 /var/www/iloilo-client-test/releases/current
  INFO [84560d98] Finished in 0.066 seconds with exit status 0 (successful).
  INFO [361ad8cb] Running /usr/bin/env mv /var/www/iloilo-client-test/releases/current /var/www/iloilo-client-test as iloilo@ilo-ilo.me
 DEBUG [361ad8cb] Command: /usr/bin/env mv /var/www/iloilo-client-test/releases/current /var/www/iloilo-client-test
  INFO [361ad8cb] Finished in 0.056 seconds with exit status 0 (successful).
 DEBUG [8cc84b4d] Running if test ! -d /var/www/iloilo-client-test/releases/20200421133726; then echo "Directory does not exist '/var/www/iloilo-client-test/releases/20200421133726'" 1>&2; false; fi as iloilo@ilo-ilo.me
 DEBUG [8cc84b4d] Command: if test ! -d /var/www/iloilo-client-test/releases/20200421133726; then echo "Directory does not exist '/var/www/iloilo-client-test/releases/20200421133726'" 1>&2; false; fi
 DEBUG [8cc84b4d] Finished in 0.063 seconds with exit status 0 (successful).
  INFO [e366c550] Running /usr/bin/env npm install as iloilo@ilo-ilo.me
 DEBUG [e366c550] Command: cd /var/www/iloilo-client-test/releases/20200421133726 && /usr/bin/env npm install
 DEBUG [e366c550] 	npm
 DEBUG [e366c550] 	 
 DEBUG [e366c550] 	WARN deprecated request@2.88.2: request has been deprecated, see https://github.com/request/request/issues/3142
 DEBUG [e366c550] 	npm 
 DEBUG [e366c550] 	WARN 
 DEBUG [e366c550] 	deprecated urix@0.1.0: Please see https://github.com/lydell/urix#deprecated
 DEBUG [e366c550] 	npm 
 DEBUG [e366c550] 	WARN
 DEBUG [e366c550] 	 deprecated resolve-url@0.2.1: https://github.com/lydell/resolve-url#deprecated
 DEBUG [e366c550] 	npm 
 DEBUG [e366c550] 	WARN 
 DEBUG [e366c550] 	deprecated chokidar@2.1.8: Chokidar 2 will break on node v14+. Upgrade to chokidar 3 with 15x less dependencies.
 DEBUG [e366c550] 	npm 
 DEBUG [e366c550] 	WARN deprecated
 DEBUG [e366c550] 	 request@2.88.0: request has been deprecated, see https://github.com/request/request/issues/3142
 DEBUG [e366c550] 	npm 
 DEBUG [e366c550] 	WARN deprecated
 DEBUG [e366c550] 	 mkdirp@0.5.1: Legacy versions of mkdirp are no longer supported. Please update to mkdirp 1.x. (Note that the API surface has changed to use Promises in 1.x.)
 DEBUG [e366c550] 	npm WARN deprecated core-js@2.6.11: core-js@<3 is no longer maintained and not recommended for usage due to the number of issues. Please, upgrade your dependencies to the actual version of core-js@3.
 DEBUG [e366c550] 	npm 
 DEBUG [e366c550] 	WARN deprecated
 DEBUG [e366c550] 	 left-pad@1.3.0: use String.prototype.padStart()
 DEBUG [e366c550] 	WARN
 DEBUG [e366c550] 	 
 DEBUG [e366c550] 	engine mkdirp@1.0.4: wanted: {"node":">=10"} (current: {"node":"8.10.0","npm":"3.5.2"})
 DEBUG [e366c550] 	WARN 
 DEBUG [e366c550] 	engine cli-highlight@2.1.4: wanted: {"node":">=8.0.0","npm":">=5.0.0"} (current: {"node":"8.10.0","npm":"3.5.2"})
 DEBUG [e366c550] 	WARN 
 DEBUG [e366c550] 	engine default-gateway@5.0.5: wanted: {"node":"^8.12.0 || >=9.7.0"} (current: {"node":"8.10.0","npm":"3.5.2"})
 DEBUG [e366c550] 	WARN 
 DEBUG [e366c550] 	engine execa@3.4.0: wanted: {"node":"^8.12.0 || >=9.7.0"} (current: {"node":"8.10.0","npm":"3.5.2"})
 DEBUG [e366c550] 	WARN 
 DEBUG [e366c550] 	engine human-signals@1.1.1: wanted: {"node":">=8.12.0"} (current: {"node":"8.10.0","npm":"3.5.2"})
 DEBUG [e366c550] 	
> yorkie@2.0.0 install /var/www/iloilo-client-test/releases/20200421133726/node_modules/yorkie
> node bin/install.js

 DEBUG [e366c550] 	setting up Git hooks
 DEBUG [e366c550] 	can't find .git directory, skipping Git hooks installation
 DEBUG [e366c550] 	
> core-js@2.6.11 postinstall /var/www/iloilo-client-test/releases/20200421133726/node_modules/babel-runtime/node_modules/core-js
> node -e "try{require('./postinstall')}catch(e){}"

 DEBUG [e366c550] 	
> core-js@3.6.5 postinstall /var/www/iloilo-client-test/releases/20200421133726/node_modules/core-js
> node -e "try{require('./postinstall')}catch(e){}"

 DEBUG [e366c550] 	
> ejs@2.7.4 postinstall /var/www/iloilo-client-test/releases/20200421133726/node_modules/ejs
> node ./postinstall.js

 DEBUG [e366c550] 	
> cypress@3.8.3 postinstall /var/www/iloilo-client-test/releases/20200421133726/node_modules/cypress
> node index.js --exec install

 DEBUG [e366c550] 	iloilo@0.1.0 /var/www/iloilo-client-test/releases/20200421133726
├─┬ @vue/cli-plugin-babel@4.3.1 
│ ├─┬ @babel/core@7.9.0 
│ │ ├─┬ @babel/generator@7.9.5 
│ │ │ └── jsesc@2.5.2 
│ │ ├─┬ @babel/helper-module-transforms@7.9.0 
│ │ │ └─┬ @babel/helper-replace-supers@7.8.6 
│ │ │   ├── @babel/helper-member-expression-to-functions@7.8.3 
│ │ │   └── @babel/helper-optimise-call-expression@7.8.3 
│ │ ├── @babel/helpers@7.9.2 
│ │ ├── @babel/template@7.8.6 
│ │ ├─┬ convert-source-map@1.7.0 
│ │ │ └── safe-buffer@5.1.2 
│ │ ├─┬ debug@4.1.1 
│ │ │ └── ms@2.1.2 
│ │ ├── gensync@1.0.0-beta.1 
│ │ ├── json5@2.1.3 
│ │ └── source-map@0.5.7 
│ ├─┬ @vue/babel-preset-app@4.3.1 
│ │ ├─┬ @babel/helper-compilation-targets@7.8.7 
│ │ │ ├── @babel/compat-data@7.9.0 
│ │ │ ├─┬ invariant@2.2.4 
│ │ │ │ └── loose-envify@1.4.0 
│ │ │ └─┬ levenary@1.1.1 
│ │ │   └── leven@3.1.0 
│ │ ├── @babel/helper-module-imports@7.8.3 
│ │ ├─┬ @babel/plugin-proposal-class-properties@7.8.3 
│ │ │ └── @babel/helper-create-class-features-plugin@7.9.5 
│ │ ├─┬ @babel/plugin-proposal-decorators@7.8.3 
│ │ │ └── @babel/plugin-syntax-decorators@7.8.3 
│ │ ├── @babel/plugin-syntax-dynamic-import@7.8.3 
│ │ ├── @babel/plugin-syntax-jsx@7.8.3 
│ │ ├── @babel/plugin-transform-runtime@7.9.0 
│ │ ├─┬ @babel/preset-env@7.9.5 
│ │ │ ├─┬ @babel/plugin-proposal-async-generator-functions@7.8.3 
│ │ │ │ └─┬ @babel/helper-remap-async-to-generator@7.8.3 
│ │ │ │   └── @babel/helper-wrap-function@7.8.3 
│ │ │ ├── @babel/plugin-proposal-dynamic-import@7.8.3 
│ │ │ ├── @babel/plugin-proposal-json-strings@7.8.3 
│ │ │ ├── @babel/plugin-proposal-nullish-coalescing-operator@7.8.3 
│ │ │ ├── @babel/plugin-proposal-numeric-separator@7.8.3 
│ │ │ ├── @babel/plugin-proposal-object-rest-spread@7.9.5 
│ │ │ ├── @babel/plugin-proposal-optional-catch-binding@7.8.3 
│ │ │ ├── @babel/plugin-proposal-optional-chaining@7.9.0 
│ │ │ ├─┬ @babel/plugin-proposal-unicode-property-regex@7.8.8 
│ │ │ │ └─┬ @babel/helper-create-regexp-features-plugin@7.8.8 
│ │ │ │   └─┬ regexpu-core@4.7.0 
│ │ │ │     ├── regenerate@1.4.0 
│ │ │ │     ├── regenerate-unicode-properties@8.2.0 
│ │ │ │     ├── regjsgen@0.5.1 
│ │ │ │     ├─┬ regjsparser@0.6.4 
│ │ │ │     │ └── jsesc@0.5.0 
│ │ │ │     ├─┬ unicode-match-property-ecmascript@1.0.4 
│ │ │ │     │ ├── unicode-canonical-property-names-ecmascript@1.0.4 
│ │ │ │     │ └── unicode-property-aliases-ecmascript@1.1.0 
│ │ │ │     └── unicode-match-property-value-ecmascript@1.2.0 
│ │ │ ├── @babel/plugin-syntax-async-generators@7.8.4 
│ │ │ ├── @babel/plugin-syntax-json-strings@7.8.3 
│ │ │ ├── @babel/plugin-syntax-nullish-coalescing-operator@7.8.3 
│ │ │ ├── @babel/plugin-syntax-numeric-separator@7.8.3 
│ │ │ ├── @babel/plugin-syntax-object-rest-spread@7.8.3 
│ │ │ ├── @babel/plugin-syntax-optional-catch-binding@7.8.3 
│ │ │ ├── @babel/plugin-syntax-optional-chaining@7.8.3 
│ │ │ ├── @babel/plugin-syntax-top-level-await@7.8.3 
│ │ │ ├── @babel/plugin-transform-arrow-functions@7.8.3 
│ │ │ ├── @babel/plugin-transform-async-to-generator@7.8.3 
│ │ │ ├── @babel/plugin-transform-block-scoped-functions@7.8.3 
│ │ │ ├── @babel/plugin-transform-block-scoping@7.8.3 
│ │ │ ├─┬ @babel/plugin-transform-classes@7.9.5 
│ │ │ │ ├── @babel/helper-annotate-as-pure@7.8.3 
│ │ │ │ └── @babel/helper-define-map@7.8.3 
│ │ │ ├── @babel/plugin-transform-computed-properties@7.8.3 
│ │ │ ├── @babel/plugin-transform-destructuring@7.9.5 
│ │ │ ├── @babel/plugin-transform-dotall-regex@7.8.3 
│ │ │ ├── @babel/plugin-transform-duplicate-keys@7.8.3 
│ │ │ ├─┬ @babel/plugin-transform-exponentiation-operator@7.8.3 
│ │ │ │ └─┬ @babel/helper-builder-binary-assignment-operator-visitor@7.8.3 
│ │ │ │   └── @babel/helper-explode-assignable-expression@7.8.3 
│ │ │ ├── @babel/plugin-transform-for-of@7.9.0 
│ │ │ ├── @babel/plugin-transform-function-name@7.8.3 
│ │ │ ├── @babel/plugin-transform-literals@7.8.3 
│ │ │ ├── @babel/plugin-transform-member-expression-literals@7.8.3 
│ │ │ ├── @babel/plugin-transform-modules-amd@7.9.0 
│ │ │ ├─┬ @babel/plugin-transform-modules-systemjs@7.9.0 
│ │ │ │ └── @babel/helper-hoist-variables@7.8.3 
│ │ │ ├── @babel/plugin-transform-modules-umd@7.9.0 
│ │ │ ├── @babel/plugin-transform-named-capturing-groups-regex@7.8.3 
│ │ │ ├── @babel/plugin-transform-new-target@7.8.3 
│ │ │ ├── @babel/plugin-transform-object-super@7.8.3 
│ │ │ ├── @babel/plugin-transform-parameters@7.9.5 
│ │ │ ├── @babel/plugin-transform-property-literals@7.8.3 
│ │ │ ├─┬ @babel/plugin-transform-regenerator@7.8.7 
│ │ │ │ └─┬ regenerator-transform@0.14.4 
│ │ │ │   └── private@0.1.8 
│ │ │ ├── @babel/plugin-transform-reserved-words@7.8.3 
│ │ │ ├── @babel/plugin-transform-shorthand-properties@7.8.3 
│ │ │ ├── @babel/plugin-transform-spread@7.8.3 
│ │ │ ├─┬ @babel/plugin-transform-sticky-regex@7.8.3 
│ │ │ │ └── @babel/helper-regex@7.8.3 
│ │ │ ├── @babel/plugin-transform-template-literals@7.8.3 
│ │ │ ├── @babel/plugin-transform-typeof-symbol@7.8.4 
│ │ │ ├── @babel/plugin-transform-unicode-regex@7.8.3 
│ │ │ └── @babel/preset-modules@0.1.3 
│ │ ├─┬ @babel/runtime@7.9.2 
│ │ │ └── regenerator-runtime@0.13.5 
│ │ ├─┬ @vue/babel-preset-jsx@1.1.2 
│ │ │ ├── @vue/babel-helper-vue-jsx-merge-props@1.0.0 
│ │ │ ├─┬ @vue/babel-plugin-transform-vue-jsx@1.1.2 
│ │ │ │ ├── html-tags@2.0.0 
│ │ │ │ ├── lodash.kebabcase@4.1.1 
│ │ │ │ └── svg-tags@1.0.0 
│ │ │ ├── @vue/babel-sugar-functional-vue@1.1.2 
│ │ │ ├── @vue/babel-sugar-inject-h@1.1.2 
│ │ │ ├── @vue/babel-sugar-v-model@1.1.2 
│ │ │ └── @vue/babel-sugar-v-on@1.1.2 
│ │ ├── babel-plugin-dynamic-import-node@2.3.2 
│ │ └─┬ core-js-compat@3.6.5 
│ │   └── semver@7.0.0 
│ ├─┬ @vue/cli-shared-utils@4.3.1 
│ │ ├─┬ @hapi/joi@15.1.1 
│ │ │ ├── @hapi/address@2.1.4 
│ │ │ ├── @hapi/bourne@1.3.2 
│ │ │ ├── @hapi/hoek@8.5.1 
│ │ │ └── @hapi/topo@3.1.6 
│ │ ├─┬ execa@1.0.0 
│ │ │ ├─┬ get-stream@4.1.0 
│ │ │ │ └── pump@3.0.0 
│ │ │ ├── is-stream@1.1.0 
│ │ │ ├── npm-run-path@2.0.2 
│ │ │ ├── p-finally@1.0.0 
│ │ │ ├── signal-exit@3.0.3 
│ │ │ └── strip-eof@1.0.0 
│ │ ├─┬ launch-editor@2.2.1 
│ │ │ └── shell-quote@1.7.2 
│ │ ├─┬ lru-cache@5.1.1 
│ │ │ └── yallist@3.1.1 
│ │ ├─┬ node-ipc@9.1.1 
│ │ │ ├── event-pubsub@4.3.0 
│ │ │ ├── js-message@1.0.5 
│ │ │ └─┬ js-queue@2.0.0 
│ │ │   └── easy-stack@1.0.0 
│ │ ├─┬ open@6.4.0 
│ │ │ └── is-wsl@1.1.0 
│ │ ├─┬ ora@3.4.0 
│ │ │ ├─┬ cli-cursor@2.1.0 
│ │ │ │ └─┬ restore-cursor@2.0.0 
│ │ │ │   └─┬ onetime@2.0.1 
│ │ │ │     └── mimic-fn@1.2.0 
│ │ │ ├── cli-spinners@2.3.0 
│ │ │ ├── strip-ansi@5.2.0 
│ │ │ └─┬ wcwidth@1.0.1 
│ │ │   └─┬ defaults@1.0.3 
│ │ │     └── clone@1.0.4 
│ │ ├─┬ read-pkg@5.2.0 
│ │ │ ├── @types/normalize-package-data@2.4.0 
│ │ │ ├─┬ normalize-package-data@2.5.0 
│ │ │ │ ├── hosted-git-info@2.8.8 
│ │ │ │ └─┬ validate-npm-package-license@3.0.4 
│ │ │ │   ├─┬ spdx-correct@3.1.0 
│ │ │ │   │ └── spdx-license-ids@3.0.5 
│ │ │ │   └─┬ spdx-expression-parse@3.0.0 
│ │ │ │     └── spdx-exceptions@2.3.0 
│ │ │ ├─┬ parse-json@5.0.0 
│ │ │ │ ├─┬ error-ex@1.3.2 
│ │ │ │ │ └── is-arrayish@0.2.1 
│ │ │ │ └── lines-and-columns@1.1.6 
│ │ │ └── type-fest@0.6.0 
│ │ ├─┬ request@2.88.2 
│ │ │ ├── aws-sign2@0.7.0 
│ │ │ ├── aws4@1.9.1 
│ │ │ ├── caseless@0.12.0 
│ │ │ ├─┬ combined-stream@1.0.8 
│ │ │ │ └── delayed-stream@1.0.0 
│ │ │ ├── extend@3.0.2 
│ │ │ ├── forever-agent@0.6.1 
│ │ │ ├─┬ form-data@2.3.3 
│ │ │ │ └── asynckit@0.4.0 
│ │ │ ├─┬ har-validator@5.1.3 
│ │ │ │ └── har-schema@2.0.0 
│ │ │ ├─┬ http-signature@1.2.0 
│ │ │ │ ├── assert-plus@1.0.0 
│ │ │ │ ├─┬ jsprim@1.4.1 
│ │ │ │ │ ├── extsprintf@1.3.0 
│ │ │ │ │ ├── json-schema@0.2.3 
│ │ │ │ │ └── verror@1.10.0 
│ │ │ │ └─┬ sshpk@1.16.1 
│ │ │ │   ├── asn1@0.2.4 
│ │ │ │   ├── bcrypt-pbkdf@1.0.2 
│ │ │ │   ├── dashdash@1.14.1 
│ │ │ │   ├── ecc-jsbn@0.1.2 
│ │ │ │   ├── getpass@0.1.7 
│ │ │ │   ├── jsbn@0.1.1 
│ │ │ │   └── tweetnacl@0.14.5 
│ │ │ ├── is-typedarray@1.0.0 
│ │ │ ├── isstream@0.1.2 
│ │ │ ├── json-stringify-safe@5.0.1 
│ │ │ ├─┬ mime-types@2.1.26 
│ │ │ │ └── mime-db@1.43.0 
│ │ │ ├── oauth-sign@0.9.0 
│ │ │ ├── performance-now@2.1.0 
│ │ │ ├── qs@6.5.2 
│ │ │ ├─┬ tough-cookie@2.5.0 
│ │ │ │ └── psl@1.8.0 
│ │ │ ├── tunnel-agent@0.6.0 
│ │ │ └── uuid@3.4.0 
│ │ ├─┬ request-promise-native@1.0.8 
│ │ │ ├── request-promise-core@1.1.3 
│ │ │ └── stealthy-require@1.1.1 
│ │ ├── semver@6.3.0 
│ │ └─┬ strip-ansi@6.0.0 
│ │   └── ansi-regex@5.0.0 
│ ├─┬ babel-loader@8.1.0 
│ │ ├─┬ find-cache-dir@2.1.0 
│ │ │ ├── commondir@1.0.1 
│ │ │ ├── make-dir@2.1.0 
│ │ │ └─┬ pkg-dir@3.0.0 
│ │ │   └─┬ find-up@3.0.0 
│ │ │     └─┬ locate-path@3.0.0 
│ │ │       └─┬ p-locate@3.0.0 
│ │ │         └─┬ p-limit@2.3.0 
│ │ │           └── p-try@2.2.0 
│ │ └── pify@4.0.1 
│ ├─┬ cache-loader@4.1.0 
│ │ ├── buffer-json@2.0.0 
│ │ └─┬ find-cache-dir@3.3.1 
│ │   ├─┬ make-dir@3.0.2 
│ │   │ └── semver@6.3.0 
│ │   └─┬ pkg-dir@4.2.0 
│ │     └─┬ find-up@4.1.0 
│ │       ├─┬ locate-path@5.0.0 
│ │       │ └─┬ p-locate@4.1.0 
│ │       │   └─┬ p-limit@2.3.0 
│ │       │     └── p-try@2.2.0 
│ │       └── path-exists@4.0.0 
│ ├─┬ thread-loader@2.1.3 
│ │ └── loader-runner@2.4.0 
│ └─┬ webpack@4.42.1 
│   ├─┬ @webassemblyjs/ast@1.9.0 
│   │ ├── @webassemblyjs/helper-wasm-bytecode@1.9.0 
│   │ └─┬ @webassemblyjs/wast-parser@1.9.0 
│   │   ├── @webassemblyjs/floating-point-hex-parser@1.9.0 
│   │   ├── @webassemblyjs/helper-code-frame@1.9.0 
│   │   ├── @webassemblyjs/helper-fsm@1.9.0 
│   │   └── @xtuc/long@4.2.2 
│   ├── @webassemblyjs/helper-module-context@1.9.0 
│   ├─┬ @webassemblyjs/wasm-edit@1.9.0 
│   │ ├── @webassemblyjs/helper-buffer@1.9.0 
│   │ ├── @webassemblyjs/helper-wasm-section@1.9.0 
│   │ ├── @webassemblyjs/wasm-gen@1.9.0 
│   │ ├── @webassemblyjs/wasm-opt@1.9.0 
│   │ └── @webassemblyjs/wast-printer@1.9.0 
│   ├─┬ @webassemblyjs/wasm-parser@1.9.0 
│   │ ├── @webassemblyjs/helper-api-error@1.9.0 
│   │ ├─┬ @webassemblyjs/ieee754@1.9.0 
│   │ │ └── @xtuc/ieee754@1.2.0 
│   │ ├── @webassemblyjs/leb128@1.9.0 
│   │ └── @webassemblyjs/utf8@1.9.0 
│   ├── acorn@6.4.1 
│   ├── ajv-keywords@3.4.1 
│   ├─┬ chrome-trace-event@1.0.2 
│   │ └── tslib@1.11.1 
│   ├─┬ enhanced-resolve@4.1.1 
│   │ └── memory-fs@0.5.0 
│   ├── eslint-scope@4.0.3 
│   ├── json-parse-better-errors@1.0.2 
│   ├─┬ memory-fs@0.4.1 
│   │ ├─┬ errno@0.1.7 
│   │ │ └── prr@1.0.1 
│   │ └─┬ readable-stream@2.3.7 
│   │   ├── core-util-is@1.0.2 
│   │   ├── process-nextick-args@2.0.1 
│   │   └── util-deprecate@1.0.2 
│   ├─┬ micromatch@3.1.10 
│   │ ├── arr-diff@4.0.0 
│   │ ├── array-unique@0.3.2 
│   │ ├─┬ define-property@2.0.2 
│   │ │ └─┬ is-descriptor@1.0.2 
│   │ │   ├── is-accessor-descriptor@1.0.0 
│   │ │   └── is-data-descriptor@1.0.0 
│   │ ├─┬ extend-shallow@3.0.2 
│   │ │ ├── assign-symbols@1.0.0 
│   │ │ └── is-extendable@1.0.1 
│   │ ├─┬ extglob@2.0.4 
│   │ │ ├─┬ define-property@1.0.0 
│   │ │ │ └─┬ is-descriptor@1.0.2 
│   │ │ │   ├── is-accessor-descriptor@1.0.0 
│   │ │ │   └── is-data-descriptor@1.0.0 
│   │ │ ├─┬ expand-brackets@2.1.4 
│   │ │ │ ├── debug@2.6.9 
│   │ │ │ ├── define-property@0.2.5 
│   │ │ │ ├── extend-shallow@2.0.1 
│   │ │ │ └── posix-character-classes@0.1.1 
│   │ │ └── extend-shallow@2.0.1 
│   │ ├─┬ fragment-cache@0.2.1 
│   │ │ └── map-cache@0.2.2 
│   │ ├─┬ nanomatch@1.2.13 
│   │ │ └── is-windows@1.0.2 
│   │ ├── object.pick@1.3.0 
│   │ ├─┬ regex-not@1.0.2 
│   │ │ └─┬ safe-regex@1.1.0 
│   │ │   └── ret@0.1.15 
│   │ ├─┬ snapdragon@0.8.2 
│   │ │ ├─┬ base@0.11.2 
│   │ │ │ ├─┬ cache-base@1.0.1 
│   │ │ │ │ ├─┬ collection-visit@1.0.0 
│   │ │ │ │ │ ├── map-visit@1.0.0 
│   │ │ │ │ │ └── object-visit@1.0.1 
│   │ │ │ │ ├── get-value@2.0.6 
│   │ │ │ │ ├─┬ has-value@1.0.0 
│   │ │ │ │ │ └─┬ has-values@1.0.0 
│   │ │ │ │ │   └── kind-of@4.0.0 
│   │ │ │ │ ├─┬ set-value@2.0.1 
│   │ │ │ │ │ └── extend-shallow@2.0.1 
│   │ │ │ │ ├─┬ to-object-path@0.3.0 
│   │ │ │ │ │ └── kind-of@3.2.2 
│   │ │ │ │ ├── union-value@1.0.1 
│   │ │ │ │ └─┬ unset-value@1.0.0 
│   │ │ │ │   └─┬ has-value@0.3.1 
│   │ │ │ │     ├── has-values@0.1.4 
│   │ │ │ │     └── isobject@2.1.0 
│   │ │ │ ├─┬ class-utils@0.3.6 
│   │ │ │ │ ├── arr-union@3.1.0 
│   │ │ │ │ ├── define-property@0.2.5 
│   │ │ │ │ └─┬ static-extend@0.1.2 
│   │ │ │ │   ├── define-property@0.2.5 
│   │ │ │ │   └─┬ object-copy@0.1.0 
│   │ │ │ │     ├── copy-descriptor@0.1.1 
│   │ │ │ │     ├── define-property@0.2.5 
│   │ │ │ │     └── kind-of@3.2.2 
│   │ │ │ ├── compon
 DEBUG [e366c550] 	ent-emitter@1.3.0 
│   │ │ │ ├─┬ define-property@1.0.0 
│   │ │ │ │ └─┬ is-descriptor@1.0.2 
│   │ │ │ │   ├── is-accessor-descriptor@1.0.0 
│   │ │ │ │   └── is-data-descriptor@1.0.0 
│   │ │ │ ├─┬ mixin-deep@1.3.2 
│   │ │ │ │ ├── for-in@1.0.2 
│   │ │ │ │ └── is-extendable@1.0.1 
│   │ │ │ └── pascalcase@0.1.1 
│   │ │ ├── debug@2.6.9 
│   │ │ ├─┬ define-property@0.2.5 
│   │ │ │ └─┬ is-descriptor@0.1.6 
│   │ │ │   ├─┬ is-accessor-descriptor@0.1.6 
│   │ │ │   │ └── kind-of@3.2.2 
│   │ │ │   ├─┬ is-data-descriptor@0.1.4 
│   │ │ │   │ └── kind-of@3.2.2 
│   │ │ │   └── kind-of@5.1.0 
│   │ │ ├── extend-shallow@2.0.1 
│   │ │ ├─┬ source-map-resolve@0.5.3 
│   │ │ │ ├── atob@2.1.2 
│   │ │ │ ├── decode-uri-component@0.2.0 
│   │ │ │ ├── resolve-url@0.2.1 
│   │ │ │ └── source-map-url@0.4.0 
│   │ │ └── use@3.1.1 
│   │ └── to-regex@3.0.2 
│   ├─┬ node-libs-browser@2.2.1 
│   │ ├─┬ assert@1.5.0 
│   │ │ └─┬ util@0.10.3 
│   │ │   └── inherits@2.0.1 
│   │ ├─┬ browserify-zlib@0.2.0 
│   │ │ └── pako@1.0.11 
│   │ ├─┬ buffer@4.9.2 
│   │ │ ├── base64-js@1.3.1 
│   │ │ └── ieee754@1.1.13 
│   │ ├── console-browserify@1.2.0 
│   │ ├── constants-browserify@1.0.0 
│   │ ├─┬ crypto-browserify@3.12.0 
│   │ │ ├─┬ browserify-cipher@1.0.1 
│   │ │ │ ├─┬ browserify-aes@1.2.0 
│   │ │ │ │ └── buffer-xor@1.0.3 
│   │ │ │ ├─┬ browserify-des@1.0.2 
│   │ │ │ │ └── des.js@1.0.1 
│   │ │ │ └── evp_bytestokey@1.0.3 
│   │ │ ├─┬ browserify-sign@4.0.4 
│   │ │ │ ├── bn.js@4.11.8 
│   │ │ │ ├── browserify-rsa@4.0.1 
│   │ │ │ ├─┬ elliptic@6.5.2 
│   │ │ │ │ ├── brorand@1.1.0 
│   │ │ │ │ ├── hash.js@1.1.7 
│   │ │ │ │ ├── hmac-drbg@1.0.1 
│   │ │ │ │ └── minimalistic-crypto-utils@1.0.1 
│   │ │ │ └─┬ parse-asn1@5.1.5 
│   │ │ │   └── asn1.js@4.10.1 
│   │ │ ├── create-ecdh@4.0.3 
│   │ │ ├─┬ create-hash@1.2.0 
│   │ │ │ ├── cipher-base@1.0.4 
│   │ │ │ ├─┬ md5.js@1.3.5 
│   │ │ │ │ └── hash-base@3.0.4 
│   │ │ │ ├── ripemd160@2.0.2 
│   │ │ │ └── sha.js@2.4.11 
│   │ │ ├── create-hmac@1.1.7 
│   │ │ ├─┬ diffie-hellman@5.0.3 
│   │ │ │ └── miller-rabin@4.0.1 
│   │ │ ├── pbkdf2@3.0.17 
│   │ │ ├── public-encrypt@4.0.3 
│   │ │ ├── randombytes@2.1.0 
│   │ │ └── randomfill@1.0.4 
│   │ ├── domain-browser@1.2.0 
│   │ ├── events@3.1.0 
│   │ ├── https-browserify@1.0.0 
│   │ ├── os-browserify@0.3.0 
│   │ ├── path-browserify@0.0.1 
│   │ ├── process@0.11.10 
│   │ ├── punycode@1.4.1 
│   │ ├── querystring-es3@0.2.1 
│   │ ├── stream-browserify@2.0.2 
│   │ ├─┬ stream-http@2.8.3 
│   │ │ ├── builtin-status-codes@3.0.0 
│   │ │ ├── to-arraybuffer@1.0.1 
│   │ │ └── xtend@4.0.2 
│   │ ├── string_decoder@1.1.1 
│   │ ├─┬ timers-browserify@2.0.11 
│   │ │ └── setimmediate@1.0.5 
│   │ ├── tty-browserify@0.0.0 
│   │ ├─┬ util@0.11.1 
│   │ │ └── inherits@2.0.3 
│   │ └── vm-browserify@1.1.2 
│   ├─┬ schema-utils@1.0.0 
│   │ └── ajv-errors@1.0.1 
│   ├── tapable@1.1.3 
│   ├─┬ terser-webpack-plugin@1.4.3 
│   │ ├── schema-utils@1.0.0 
│   │ ├── source-map@0.6.1 
│   │ └── worker-farm@1.7.0 
│   ├── watchpack@1.6.1 
│   └─┬ webpack-sources@1.4.3 
│     ├── source-list-map@2.0.1 
│     └── source-map@0.6.1 
├─┬ @vue/cli-plugin-e2e-cypress@4.3.1 
│ ├─┬ cypress@3.8.3 
│ │ ├─┬ @cypress/listr-verbose-renderer@0.4.1 
│ │ │ ├─┬ chalk@1.1.3 
│ │ │ │ ├── ansi-styles@2.2.1 
│ │ │ │ ├─┬ strip-ansi@3.0.1 
│ │ │ │ │ └── ansi-regex@2.1.1 
│ │ │ │ └── supports-color@2.0.0 
│ │ │ ├─┬ cli-cursor@1.0.2 
│ │ │ │ └─┬ restore-cursor@1.0.1 
│ │ │ │   ├── exit-hook@1.1.1 
│ │ │ │   └── onetime@1.1.0 
│ │ │ ├── date-fns@1.30.1 
│ │ │ └── figures@1.7.0 
│ │ ├─┬ @cypress/xvfb@1.2.4 
│ │ │ └── lodash.once@4.1.1 
│ │ ├── @types/sizzle@2.3.2 
│ │ ├── arch@2.1.1 
│ │ ├── bluebird@3.5.0 
│ │ ├─┬ cachedir@1.3.0 
│ │ │ └── os-homedir@1.0.2 
│ │ ├── check-more-types@2.24.0 
│ │ ├── commander@2.15.1 
│ │ ├── common-tags@1.8.0 
│ │ ├─┬ debug@3.2.6 
│ │ │ └── ms@2.1.2 
│ │ ├── eventemitter2@4.1.2 
│ │ ├─┬ execa@0.10.0 
│ │ │ └── get-stream@3.0.0 
│ │ ├─┬ executable@4.1.1 
│ │ │ └── pify@2.3.0 
│ │ ├─┬ extract-zip@1.6.7 
│ │ │ ├─┬ concat-stream@1.6.2 
│ │ │ │ └── typedarray@0.0.6 
│ │ │ ├── debug@2.6.9 
│ │ │ ├─┬ mkdirp@0.5.1 
│ │ │ │ └── minimist@0.0.8 
│ │ │ └─┬ yauzl@2.4.1 
│ │ │   └── fd-slicer@1.0.1 
│ │ ├── fs-extra@5.0.0 
│ │ ├─┬ getos@3.1.1 
│ │ │ └── async@2.6.1 
│ │ ├─┬ is-ci@1.2.1 
│ │ │ └── ci-info@1.6.0 
│ │ ├─┬ is-installed-globally@0.1.0 
│ │ │ ├─┬ global-dirs@0.1.1 
│ │ │ │ └── ini@1.3.5 
│ │ │ └─┬ is-path-inside@1.0.1 
│ │ │   └── path-is-inside@1.0.2 
│ │ ├── lazy-ass@1.6.0 
│ │ ├─┬ listr@0.12.0 
│ │ │ ├─┬ chalk@1.1.3 
│ │ │ │ ├── ansi-styles@2.2.1 
│ │ │ │ └── supports-color@2.0.0 
│ │ │ ├─┬ cli-truncate@0.2.1 
│ │ │ │ ├── slice-ansi@0.0.4 
│ │ │ │ └─┬ string-width@1.0.2 
│ │ │ │   ├── code-point-at@1.1.0 
│ │ │ │   ├─┬ is-fullwidth-code-point@1.0.0 
│ │ │ │   │ └── number-is-nan@1.0.1 
│ │ │ │   └─┬ strip-ansi@3.0.1 
│ │ │ │     └── ansi-regex@2.1.1 
│ │ │ ├─┬ indent-string@2.1.0 
│ │ │ │ └─┬ repeating@2.0.1 
│ │ │ │   └── is-finite@1.1.0 
│ │ │ ├── is-promise@2.1.0 
│ │ │ ├── listr-silent-renderer@1.1.1 
│ │ │ ├─┬ listr-update-renderer@0.2.0 
│ │ │ │ ├─┬ chalk@1.1.3 
│ │ │ │ │ ├── ansi-styles@2.2.1 
│ │ │ │ │ └── supports-color@2.0.0 
│ │ │ │ ├── elegant-spinner@1.0.1 
│ │ │ │ ├── indent-string@3.2.0 
│ │ │ │ ├── log-symbols@1.0.2 
│ │ │ │ └─┬ strip-ansi@3.0.1 
│ │ │ │   └── ansi-regex@2.1.1 
│ │ │ ├─┬ listr-verbose-renderer@0.4.1 
│ │ │ │ ├─┬ chalk@1.1.3 
│ │ │ │ │ ├── ansi-styles@2.2.1 
│ │ │ │ │ ├─┬ strip-ansi@3.0.1 
│ │ │ │ │ │ └── ansi-regex@2.1.1 
│ │ │ │ │ └── supports-color@2.0.0 
│ │ │ │ └─┬ cli-cursor@1.0.2 
│ │ │ │   └─┬ restore-cursor@1.0.1 
│ │ │ │     └── onetime@1.1.0 
│ │ │ ├── log-symbols@1.0.2 
│ │ │ ├─┬ log-update@1.0.2 
│ │ │ │ ├── ansi-escapes@1.4.0 
│ │ │ │ └─┬ cli-cursor@1.0.2 
│ │ │ │   └─┬ restore-cursor@1.0.1 
│ │ │ │     └── onetime@1.1.0 
│ │ │ ├─┬ ora@0.2.3 
│ │ │ │ ├─┬ cli-cursor@1.0.2 
│ │ │ │ │ └─┬ restore-cursor@1.0.1 
│ │ │ │ │   └── onetime@1.1.0 
│ │ │ │ └── cli-spinners@0.1.2 
│ │ │ ├── p-map@1.2.0 
│ │ │ ├─┬ rxjs@5.5.12 
│ │ │ │ └── symbol-observable@1.0.1 
│ │ │ ├── stream-to-observable@0.1.0 
│ │ │ └─┬ strip-ansi@3.0.1 
│ │ │   └── ansi-regex@2.1.1 
│ │ ├── log-symbols@2.2.0 
│ │ ├── minimist@1.2.0 
│ │ ├── moment@2.24.0 
│ │ ├── ramda@0.24.1 
│ │ ├─┬ request@2.88.0 
│ │ │ └─┬ tough-cookie@2.4.3 
│ │ │   └── punycode@1.4.1 
│ │ ├─┬ request-progress@3.0.0 
│ │ │ └── throttleit@1.0.0 
│ │ ├─┬ supports-color@5.5.0 
│ │ │ └── has-flag@3.0.0 
│ │ ├── tmp@0.1.0 
│ │ ├── untildify@3.0.3 
│ │ ├─┬ url@0.11.0 
│ │ │ ├── punycode@1.3.2 
│ │ │ └── querystring@0.2.0 
│ │ └─┬ yauzl@2.10.0 
│ │   ├── buffer-crc32@0.2.13 
│ │   └─┬ fd-slicer@1.1.0 
│ │     └── pend@1.2.0 
│ └─┬ eslint-plugin-cypress@2.10.3 
│   └── globals@11.12.0 
├─┬ @vue/cli-plugin-eslint@4.3.1 
│ ├─┬ eslint-loader@2.2.1 
│ │ ├─┬ loader-fs-cache@1.0.3 
│ │ │ └─┬ find-cache-dir@0.1.1 
│ │ │   └─┬ pkg-dir@1.0.0 
│ │ │     └─┬ find-up@1.1.2 
│ │ │       └── path-exists@2.1.0 
│ │ ├── object-assign@4.1.1 
│ │ ├── object-hash@1.3.1 
│ │ └── rimraf@2.7.1 
│ ├─┬ globby@9.2.0 
│ │ ├─┬ @types/glob@7.1.1 
│ │ │ ├── @types/events@3.0.0 
│ │ │ ├── @types/minimatch@3.0.3 
│ │ │ └── @types/node@13.13.1 
│ │ ├─┬ array-union@1.0.2 
│ │ │ └── array-uniq@1.0.3 
│ │ ├─┬ dir-glob@2.2.2 
│ │ │ └─┬ path-type@3.0.0 
│ │ │   └── pify@3.0.0 
│ │ ├─┬ fast-glob@2.2.7 
│ │ │ ├─┬ @mrmlnc/readdir-enhanced@2.2.1 
│ │ │ │ ├── call-me-maybe@1.0.1 
│ │ │ │ └── glob-to-regexp@0.3.0 
│ │ │ ├── @nodelib/fs.stat@1.1.3 
│ │ │ └── merge2@1.3.0 
│ │ ├─┬ glob@7.1.6 
│ │ │ ├── fs.realpath@1.0.0 
│ │ │ ├─┬ inflight@1.0.6 
│ │ │ │ └── wrappy@1.0.2 
│ │ │ └── once@1.4.0 
│ │ └── slash@2.0.0 
│ ├─┬ inquirer@7.1.0 
│ │ ├─┬ ansi-escapes@4.3.1 
│ │ │ └── type-fest@0.11.0 
│ │ ├─┬ chalk@3.0.0 
│ │ │ ├─┬ ansi-styles@4.2.1 
│ │ │ │ ├── @types/color-name@1.1.1 
│ │ │ │ └─┬ color-convert@2.0.1 
│ │ │ │   └── color-name@1.1.4 
│ │ │ └─┬ supports-color@7.1.0 
│ │ │   └── has-flag@4.0.0 
│ │ ├─┬ cli-cursor@3.1.0 
│ │ │ └─┬ restore-cursor@3.1.0 
│ │ │   └─┬ onetime@5.1.0 
│ │ │     └── mimic-fn@2.1.0 
│ │ ├── cli-width@2.2.1 
│ │ ├─┬ external-editor@3.1.0 
│ │ │ ├── chardet@0.7.0 
│ │ │ ├─┬ iconv-lite@0.4.24 
│ │ │ │ └── safer-buffer@2.1.2 
│ │ │ └─┬ tmp@0.0.33 
│ │ │   └── os-tmpdir@1.0.2 
│ │ ├── figures@3.2.0 
│ │ ├── mute-stream@0.0.8 
│ │ ├── run-async@2.4.0 
│ │ ├── rxjs@6.5.5 
│ │ ├─┬ string-width@4.2.0 
│ │ │ ├── emoji-regex@8.0.0 
│ │ │ └── is-fullwidth-code-point@3.0.0 
│ │ └── through@2.3.8 
│ └─┬ yorkie@2.0.0 
│   ├─┬ execa@0.8.0 
│   │ ├─┬ cross-spawn@5.1.0 
│   │ │ └─┬ lru-cache@4.1.5 
│   │ │   └── yallist@2.1.2 
│   │ └── get-stream@3.0.0 
│   ├── normalize-path@1.0.0 
│   └── strip-indent@2.0.0 
├─┬ @vue/cli-plugin-unit-jest@4.3.1 
│ ├─┬ @babel/plugin-transform-modules-commonjs@7.9.0 
│ │ ├── @babel/helper-plugin-utils@7.8.3 
│ │ └── @babel/helper-simple-access@7.8.3 
│ ├─┬ @types/jest@24.9.1 
│ │ └─┬ jest-diff@24.9.0 
│ │   ├── diff-sequences@24.9.0 
│ │   ├── jest-get-type@24.9.0 
│ │   └─┬ pretty-format@24.9.0 
│ │     └── react-is@16.13.1 
│ ├── babel-core@7.0.0-bridge.0 
│ ├─┬ babel-jest@24.9.0 
│ │ ├─┬ @jest/transform@24.9.0 
│ │ │ ├─┬ jest-haste-map@24.9.0 
│ │ │ │ ├─┬ fb-watchman@2.0.1 
│ │ │ │ │ └─┬ bser@2.1.1 
│ │ │ │ │   └── node-int64@0.4.0 
│ │ │ │ ├── jest-serializer@24.9.0 
│ │ │ │ ├─┬ jest-worker@24.9.0 
│ │ │ │ │ └── supports-color@6.1.0 
│ │ │ │ ├─┬ sane@4.1.0 
│ │ │ │ │ ├── @cnakazawa/watch@1.0.4 
│ │ │ │ │ ├─┬ capture-exit@2.0.0 
│ │ │ │ │ │ └── rsvp@4.8.5 
│ │ │ │ │ └── exec-sh@0.3.4 
│ │ │ │ └─┬ walker@1.0.7 
│ │ │ │   └─┬ makeerror@1.0.11 
│ │ │ │     └── tmpl@1.0.4 
│ │ │ ├─┬ pirates@4.0.1 
│ │ │ │ └── node-modules-regexp@1.0.0 
│ │ │ ├─┬ realpath-native@1.1.0 
│ │ │ │ └── util.promisify@1.0.1 
│ │ │ ├── source-map@0.6.1 
│ │ │ └── write-file-atomic@2.4.1 
│ │ ├─┬ @jest/types@24.9.0 
│ │ │ ├── @types/istanbul-lib-coverage@2.0.1 
│ │ │ ├─┬ @types/istanbul-reports@1.1.1 
│ │ │ │ └── @types/istanbul-lib-report@3.0.0 
│ │ │ └─┬ @types/yargs@13.0.8 
│ │ │   └── @types/yargs-parser@15.0.0 
│ │ ├─┬ @types/babel__core@7.1.7 
│ │ │ ├── @types/babel__generator@7.6.1 
│ │ │ ├── @types/babel__template@7.0.2 
│ │ │ └── @types/babel__traverse@7.0.10 
│ │ ├─┬ babel-plugin-istanbul@5.2.0 
│ │ │ ├─┬ find-up@3.0.0 
│ │ │ │ └─┬ locate-path@3.0.0 
│ │ │ │   └─┬ p-locate@3.0.0 
│ │ │ │     └─┬ p-limit@2.3.0 
│ │ │ │       └── p-try@2.2.0 
│ │ │ ├─┬ istanbul-lib-instrument@3.3.0 
│ │ │ │ ├── istanbul-lib-coverage@2.0.5 
│ │ │ │ └── semver@6.3.0 
│ │ │ └─┬ test-exclude@5.2.3 
│ │ │   └─┬ read-pkg-up@4.0.0 
│ │ │     ├─┬ find-up@3.0.0 
│ │ │     │ └─┬ locate-path@3.0.0 
│ │ │     │   └─┬ p-locate@3.0.0 
│ │ │     │     └─┬ p-limit@2.3.0 
│ │ │     │       └── p-try@2.2.0 
│ │ │     └─┬ read-pkg@3.0.0 
│ │ │       └─┬ load-json-file@4.0.0 
│ │ │         ├── parse-json@4.0.0 
│ │ │         └── pify@3.0.0 
│ │ └─┬ babel-preset-jest@24.9.0 
│ │   └── babel-plugin-jest-hoist@24.9.0 
│ ├─┬ babel-plugin-transform-es2015-modules-commonjs@6.26.2 
│ │ ├── babel-plugin-transform-strict-mode@6.24.1 
│ │ ├─┬ babel-runtime@6.26.0 
│ │ │ ├── core-js@2.6.11 
│ │ │ └── regenerator-runtime@0.11.1 
│ │ ├─┬ babel-template@6.26.0 
│ │ │ ├─┬ babel-traverse@6.26.0 
│ │ │ │ ├─┬ babel-code-frame@6.26.0 
│ │ │ │ │ ├─┬ chalk@1.1.3 
│ │ │ │ │ │ ├── ansi-styles@2.2.1 
│ │ │ │ │ │ ├─┬ strip-ansi@3.0.1 
│ │ │ │ │ │ │ └── ansi-regex@2.1.1 
│ │ │ │ │ │ └── supports-color@2.0.0 
│ │ │ │ │ └── js-tokens@3.0.2 
│ │ │ │ ├── babel-messages@6.23.0 
│ │ │ │ ├── debug@2.6.9 
│ │ │ │ └── globals@9.18.0 
│ │ │ └── babylon@6.18.0 
│ │ └─┬ babel-types@6.26.0 
│ │   └── to-fast-properties@1.0.3 
│ ├── deepmerge@4.2.2 
│ ├─┬ jest@24.9.0 
│ │ ├─┬ import-local@2.0.0 
│ │ │ └─┬ resolve-cwd@2.0.0 
│ │ │   └── resolve-from@3.0.0 
│ │ └─┬ jest-cli@24.9.0 
│ │   ├─┬ @jest/core@24.9.0 
│ 
 DEBUG [e366c550] 	   │ ├─┬ @jest/reporters@24.9.0 
│ │   │ │ ├─┬ istanbul-lib-report@2.0.8 
│ │   │ │ │ └── supports-color@6.1.0 
│ │   │ │ ├─┬ istanbul-lib-source-maps@3.0.6 
│ │   │ │ │ ├─┬ debug@4.1.1 
│ │   │ │ │ │ └── ms@2.1.2 
│ │   │ │ │ └── source-map@0.6.1 
│ │   │ │ ├─┬ istanbul-reports@2.2.7 
│ │   │ │ │ └── html-escaper@2.0.2 
│ │   │ │ ├─┬ node-notifier@5.4.3 
│ │   │ │ │ ├── growly@1.3.0 
│ │   │ │ │ └── shellwords@0.1.1 
│ │   │ │ └── source-map@0.6.1 
│ │   │ ├── ansi-escapes@3.2.0 
│ │   │ ├─┬ jest-changed-files@24.9.0 
│ │   │ │ └── throat@4.1.0 
│ │   │ ├─┬ jest-resolve@24.9.0 
│ │   │ │ ├─┬ browser-resolve@1.11.3 
│ │   │ │ │ └── resolve@1.1.7 
│ │   │ │ └── jest-pnp-resolver@1.2.1 
│ │   │ ├── jest-resolve-dependencies@24.9.0 
│ │   │ ├─┬ jest-runner@24.9.0 
│ │   │ │ ├─┬ jest-docblock@24.9.0 
│ │   │ │ │ └── detect-newline@2.1.0 
│ │   │ │ └── jest-leak-detector@24.9.0 
│ │   │ ├── jest-runtime@24.9.0 
│ │   │ ├─┬ jest-snapshot@24.9.0 
│ │   │ │ ├── expect@24.9.0 
│ │   │ │ ├── jest-matcher-utils@24.9.0 
│ │   │ │ └── semver@6.3.0 
│ │   │ ├─┬ p-each-series@1.0.0 
│ │   │ │ └── p-reduce@1.0.0 
│ │   │ └── strip-ansi@5.2.0 
│ │   ├── @jest/test-result@24.9.0 
│ │   ├── exit@0.1.2 
│ │   ├─┬ is-ci@2.0.0 
│ │   │ └── ci-info@2.0.0 
│ │   ├─┬ jest-config@24.9.0 
│ │   │ ├── @jest/test-sequencer@24.9.0 
│ │   │ ├─┬ jest-environment-jsdom@24.9.0 
│ │   │ │ └─┬ jsdom@11.12.0 
│ │   │ │   ├── acorn@5.7.4 
│ │   │ │   ├── cssom@0.3.8 
│ │   │ │   ├── cssstyle@1.4.0 
│ │   │ │   ├── left-pad@1.3.0 
│ │   │ │   ├── parse5@4.0.0 
│ │   │ │   ├── whatwg-url@6.5.0 
│ │   │ │   └── ws@5.2.2 
│ │   │ ├── jest-environment-node@24.9.0 
│ │   │ └─┬ jest-jasmine2@24.9.0 
│ │   │   ├── co@4.6.0 
│ │   │   ├── is-generator-fn@2.1.0 
│ │   │   └── jest-each@24.9.0 
│ │   ├── jest-validate@24.9.0 
│ │   ├─┬ prompts@2.3.2 
│ │   │ ├── kleur@3.0.3 
│ │   │ └── sisteransi@1.0.5 
│ │   └─┬ yargs@13.3.2 
│ │     ├─┬ cliui@5.0.0 
│ │     │ ├─┬ string-width@3.1.0 
│ │     │ │ ├── emoji-regex@7.0.3 
│ │     │ │ └── is-fullwidth-code-point@2.0.0 
│ │     │ ├── strip-ansi@5.2.0 
│ │     │ └─┬ wrap-ansi@5.1.0 
│ │     │   ├─┬ string-width@3.1.0 
│ │     │   │ ├── emoji-regex@7.0.3 
│ │     │   │ └── is-fullwidth-code-point@2.0.0 
│ │     │   └── strip-ansi@5.2.0 
│ │     ├─┬ find-up@3.0.0 
│ │     │ └─┬ locate-path@3.0.0 
│ │     │   └─┬ p-locate@3.0.0 
│ │     │     └─┬ p-limit@2.3.0 
│ │     │       └── p-try@2.2.0 
│ │     ├─┬ string-width@3.1.0 
│ │     │ ├── emoji-regex@7.0.3 
│ │     │ ├── is-fullwidth-code-point@2.0.0 
│ │     │ └── strip-ansi@5.2.0 
│ │     └── yargs-parser@13.1.2 
│ ├─┬ jest-environment-jsdom-fifteen@1.0.2 
│ │ ├── @jest/environment@24.9.0 
│ │ ├─┬ @jest/fake-timers@24.9.0 
│ │ │ └─┬ jest-message-util@24.9.0 
│ │ │   ├── @types/stack-utils@1.0.1 
│ │ │   └── stack-utils@1.0.2 
│ │ ├── UNMET PEER DEPENDENCY canvas@^2.5.0
│ │ ├── jest-mock@24.9.0 
│ │ ├─┬ jest-util@24.9.0 
│ │ │ ├── @jest/console@24.9.0 
│ │ │ ├─┬ @jest/source-map@24.9.0 
│ │ │ │ └── source-map@0.6.1 
│ │ │ ├── callsites@3.1.0 
│ │ │ ├─┬ is-ci@2.0.0 
│ │ │ │ └── ci-info@2.0.0 
│ │ │ └── source-map@0.6.1 
│ │ └─┬ jsdom@15.2.1 
│ │   ├── abab@2.0.3 
│ │   ├── acorn@7.1.1 
│ │   ├─┬ acorn-globals@4.3.4 
│ │   │ └── acorn-walk@6.2.0 
│ │   ├── array-equal@1.0.0 
│ │   ├── UNMET PEER DEPENDENCY bufferutil@^4.0.1
│ │   ├── cssom@0.4.4 
│ │   ├─┬ cssstyle@2.2.0 
│ │   │ └── cssom@0.3.8 
│ │   ├─┬ data-urls@1.1.0 
│ │   │ └── whatwg-url@7.1.0 
│ │   ├── domexception@1.0.1 
│ │   ├─┬ escodegen@1.14.1 
│ │   │ └── source-map@0.6.1 
│ │   ├── html-encoding-sniffer@1.0.2 
│ │   ├── nwsapi@2.2.0 
│ │   ├── parse5@5.1.0 
│ │   ├── pn@1.1.0 
│ │   ├─┬ saxes@3.1.11 
│ │   │ └── xmlchars@2.2.0 
│ │   ├── symbol-tree@3.2.4 
│ │   ├─┬ tough-cookie@3.0.1 
│ │   │ └── ip-regex@2.1.0 
│ │   ├── UNMET PEER DEPENDENCY utf-8-validate@^5.0.2
│ │   ├─┬ w3c-hr-time@1.0.2 
│ │   │ └── browser-process-hrtime@1.0.0 
│ │   ├── w3c-xmlserializer@1.1.2 
│ │   ├── webidl-conversions@4.0.2 
│ │   ├── whatwg-encoding@1.0.5 
│ │   ├── whatwg-mimetype@2.3.0 
│ │   ├─┬ whatwg-url@7.1.0 
│ │   │ ├── lodash.sortby@4.7.0 
│ │   │ └── tr46@1.0.1 
│ │   ├── ws@7.2.3 
│ │   └── xml-name-validator@3.0.0 
│ ├── jest-serializer-vue@2.0.2 
│ ├── jest-transform-stub@2.0.0 
│ ├─┬ jest-watch-typeahead@0.4.2 
│ │ ├─┬ ansi-escapes@4.3.1 
│ │ │ └── type-fest@0.11.0 
│ │ ├── jest-regex-util@24.9.0 
│ │ ├─┬ jest-watcher@24.9.0 
│ │ │ ├── ansi-escapes@3.2.0 
│ │ │ └─┬ string-length@2.0.0 
│ │ │   └─┬ strip-ansi@4.0.0 
│ │ │     └── ansi-regex@3.0.0 
│ │ ├── slash@3.0.0 
│ │ ├─┬ string-length@3.1.0 
│ │ │ └── astral-regex@1.0.0 
│ │ └── strip-ansi@5.2.0 
│ ├─┬ ts-jest@24.3.0 
│ │ ├── bs-logger@0.2.6 
│ │ ├── buffer-from@1.1.1 
│ │ ├── fast-json-stable-stringify@2.1.0 
│ │ ├── lodash.memoize@4.1.2 
│ │ ├── make-error@1.3.6 
│ │ └─┬ yargs-parser@10.1.0 
│ │   └── camelcase@4.1.0 
│ └─┬ vue-jest@3.0.5 
│   ├─┬ extract-from-css@0.4.4 
│   │ └─┬ css@2.2.4 
│   │   ├── source-map@0.6.1 
│   │   └── urix@0.1.0 
│   ├─┬ find-babel-config@1.2.0 
│   │ ├── json5@0.5.1 
│   │ └── path-exists@3.0.0 
│   ├─┬ js-beautify@1.11.0 
│   │ ├─┬ config-chain@1.1.12 
│   │ │ └── proto-list@1.2.4 
│   │ ├─┬ editorconfig@0.15.3 
│   │ │ ├─┬ lru-cache@4.1.5 
│   │ │ │ └── yallist@2.1.2 
│   │ │ └── sigmund@1.0.1 
│   │ ├── mkdirp@1.0.4 
│   │ └─┬ nopt@4.0.3 
│   │   ├── abbrev@1.1.1 
│   │   └── osenv@0.1.5 
│   ├─┬ node-cache@4.2.1 
│   │ └── clone@2.1.2 
│   ├─┬ tsconfig@7.0.0 
│   │ ├── @types/strip-bom@3.0.0 
│   │ ├── @types/strip-json-comments@0.0.30 
│   │ ├── strip-bom@3.0.0 
│   │ └── strip-json-comments@2.0.1 
│   └── vue-template-es2015-compiler@1.9.1 
├─┬ @vue/cli-service@4.3.1 
│ ├─┬ @intervolga/optimize-cssnano-plugin@1.0.6 
│ │ ├─┬ cssnano-preset-default@4.0.7 
│ │ │ ├─┬ css-declaration-sorter@4.0.1 
│ │ │ │ └── timsort@0.3.0 
│ │ │ ├── cssnano-util-raw-cache@4.0.1 
│ │ │ ├── postcss-calc@7.0.2 
│ │ │ ├─┬ postcss-colormin@4.0.3 
│ │ │ │ ├─┬ color@3.1.2 
│ │ │ │ │ └─┬ color-string@1.5.3 
│ │ │ │ │   └─┬ simple-swizzle@0.2.2 
│ │ │ │ │     └── is-arrayish@0.3.2 
│ │ │ │ └── postcss-value-parser@3.3.1 
│ │ │ ├─┬ postcss-convert-values@4.0.1 
│ │ │ │ └── postcss-value-parser@3.3.1 
│ │ │ ├── postcss-discard-comments@4.0.2 
│ │ │ ├── postcss-discard-duplicates@4.0.2 
│ │ │ ├── postcss-discard-empty@4.0.1 
│ │ │ ├── postcss-discard-overridden@4.0.1 
│ │ │ ├─┬ postcss-merge-longhand@4.0.11 
│ │ │ │ ├── css-color-names@0.0.4 
│ │ │ │ ├── postcss-value-parser@3.3.1 
│ │ │ │ └─┬ stylehacks@4.0.3 
│ │ │ │   └── postcss-selector-parser@3.1.2 
│ │ │ ├─┬ postcss-merge-rules@4.0.3 
│ │ │ │ ├─┬ caniuse-api@3.0.0 
│ │ │ │ │ └── lodash.uniq@4.5.0 
│ │ │ │ ├── cssnano-util-same-parent@4.0.1 
│ │ │ │ ├─┬ postcss-selector-parser@3.1.2 
│ │ │ │ │ └─┬ dot-prop@5.2.0 
│ │ │ │ │   └── is-obj@2.0.0 
│ │ │ │ └── vendors@1.0.4 
│ │ │ ├─┬ postcss-minify-font-values@4.0.2 
│ │ │ │ └── postcss-value-parser@3.3.1 
│ │ │ ├─┬ postcss-minify-gradients@4.0.2 
│ │ │ │ ├── cssnano-util-get-arguments@4.0.0 
│ │ │ │ ├─┬ is-color-stop@1.1.0 
│ │ │ │ │ ├── hex-color-regex@1.1.0 
│ │ │ │ │ ├── hsl-regex@1.0.0 
│ │ │ │ │ ├── hsla-regex@1.0.0 
│ │ │ │ │ ├── rgb-regex@1.0.1 
│ │ │ │ │ └── rgba-regex@1.0.0 
│ │ │ │ └── postcss-value-parser@3.3.1 
│ │ │ ├─┬ postcss-minify-params@4.0.2 
│ │ │ │ ├── alphanum-sort@1.0.2 
│ │ │ │ ├── postcss-value-parser@3.3.1 
│ │ │ │ └── uniqs@2.0.0 
│ │ │ ├─┬ postcss-minify-selectors@4.0.2 
│ │ │ │ └── postcss-selector-parser@3.1.2 
│ │ │ ├── postcss-normalize-charset@4.0.1 
│ │ │ ├─┬ postcss-normalize-display-values@4.0.2 
│ │ │ │ ├── cssnano-util-get-match@4.0.0 
│ │ │ │ └── postcss-value-parser@3.3.1 
│ │ │ ├─┬ postcss-normalize-positions@4.0.2 
│ │ │ │ └── postcss-value-parser@3.3.1 
│ │ │ ├─┬ postcss-normalize-repeat-style@4.0.2 
│ │ │ │ └── postcss-value-parser@3.3.1 
│ │ │ ├─┬ postcss-normalize-string@4.0.2 
│ │ │ │ └── postcss-value-parser@3.3.1 
│ │ │ ├─┬ postcss-normalize-timing-functions@4.0.2 
│ │ │ │ └── postcss-value-parser@3.3.1 
│ │ │ ├─┬ postcss-normalize-unicode@4.0.1 
│ │ │ │ └── postcss-value-parser@3.3.1 
│ │ │ ├─┬ postcss-normalize-url@4.0.1 
│ │ │ │ ├── is-absolute-url@2.1.0 
│ │ │ │ ├── normalize-url@3.3.0 
│ │ │ │ └── postcss-value-parser@3.3.1 
│ │ │ ├─┬ postcss-normalize-whitespace@4.0.2 
│ │ │ │ └── postcss-value-parser@3.3.1 
│ │ │ ├─┬ postcss-ordered-values@4.1.2 
│ │ │ │ └── postcss-value-parser@3.3.1 
│ │ │ ├── postcss-reduce-initial@4.0.3 
│ │ │ ├─┬ postcss-reduce-transforms@4.0.2 
│ │ │ │ └── postcss-value-parser@3.3.1 
│ │ │ ├─┬ postcss-svgo@4.0.2 
│ │ │ │ ├─┬ is-svg@3.0.0 
│ │ │ │ │ └── html-comment-regex@1.1.2 
│ │ │ │ ├── postcss-value-parser@3.3.1 
│ │ │ │ └─┬ svgo@1.3.2 
│ │ │ │   ├─┬ coa@2.0.2 
│ │ │ │   │ ├── @types/q@1.5.2 
│ │ │ │   │ └── q@1.5.1 
│ │ │ │   ├─┬ css-select@2.1.0 
│ │ │ │   │ └── css-what@3.2.1 
│ │ │ │   ├── css-select-base-adapter@0.1.1 
│ │ │ │   ├─┬ css-tree@1.0.0-alpha.37 
│ │ │ │   │ ├── mdn-data@2.0.4 
│ │ │ │   │ └── source-map@0.6.1 
│ │ │ │   ├─┬ csso@4.0.3 
│ │ │ │   │ └─┬ css-tree@1.0.0-alpha.39 
│ │ │ │   │   ├── mdn-data@2.0.6 
│ │ │ │   │   └── source-map@0.6.1 
│ │ │ │   ├── sax@1.2.4 
│ │ │ │   ├── stable@0.1.8 
│ │ │ │   └── unquote@1.1.1 
│ │ │ └── postcss-unique-selectors@4.0.1 
│ │ └─┬ postcss@7.0.27 
│ │   ├── source-map@0.6.1 
│ │   └── supports-color@6.1.0 
│ ├─┬ @soda/friendly-errors-webpack-plugin@1.7.1 
│ │ ├─┬ chalk@1.1.3 
│ │ │ ├── ansi-styles@2.2.1 
│ │ │ ├─┬ has-ansi@2.0.0 
│ │ │ │ └── ansi-regex@2.1.1 
│ │ │ ├─┬ strip-ansi@3.0.1 
│ │ │ │ └── ansi-regex@2.1.1 
│ │ │ └── supports-color@2.0.0 
│ │ ├─┬ error-stack-parser@2.0.6 
│ │ │ └── stackframe@1.1.1 
│ │ └─┬ string-width@2.1.1 
│ │   ├── is-fullwidth-code-point@2.0.0 
│ │   └─┬ strip-ansi@4.0.0 
│ │     └── ansi-regex@3.0.0 
│ ├── @soda/get-current-script@1.0.0 
│ ├── @vue/cli-overlay@4.3.1 
│ ├── @vue/cli-plugin-router@4.3.1 
│ ├── @vue/cli-plugin-vuex@4.3.1 
│ ├─┬ @vue/component-compiler-utils@3.1.2 
│ │ ├─┬ consolidate@0.15.1 
│ │ │ └── bluebird@3.7.2 
│ │ ├── hash-sum@1.0.2 
│ │ ├─┬ lru-cache@4.1.5 
│ │ │ ├── pseudomap@1.0.2 
│ │ │ └── yallist@2.1.2 
│ │ ├─┬ merge-source-map@1.1.0 
│ │ │ └── source-map@0.6.1 
│ │ ├─┬ postcss-selector-parser@6.0.2 
│ │ │ ├── indexes-of@1.0.1 
│ │ │ └── uniq@1.0.1 
│ │ ├── prettier@1.19.1 
│ │ └── source-map@0.6.1 
│ ├── @vue/preload-webpack-plugin@1.1.1 
│ ├── @vue/web-component-wrapper@1.2.0 
│ ├── acorn@7.1.1 
│ ├── acorn-walk@7.1.1 
│ ├── address@1.1.2 
│ ├─┬ autoprefixer@9.7.6 
│ │ ├── caniuse-lite@1.0.30001045 
│ │ ├── normalize-range@0.1.2 
│ │ ├── num2fraction@1.2.2 
│ │ └── postcss-value-parser@4.0.3 
│ ├─┬ browserslist@4.12.0 
│ │ ├── electron-to-chromium@1.3.414 
│ │ ├── node-releases@1.1.53 
│ │ └── pkg-up@2.0.0 
│ ├── case-sensitive-paths-webpack-plugin@2.3.0 
│ ├─┬ cli-highlight@2.1.4 
│ │ ├─┬ chalk@3.0.0 
│ │ │ ├─┬ ansi-styles@4.2.1 
│ │ │ │ └─┬ color-convert@2.0.1 
│ │ │ │   └── color-name@1.1.4 
│ │ │ └─┬ supports-color@7.1.0 
│ │ │   └── has-flag@4.0.0 
│ │ ├── highlight.js@9.18.1 
│ │ ├─┬ mz@2.7.0 
│ │ │ ├── any-promise@1.3.0 
│ │ │ └─┬ thenify-all@1.6.0 
│ │ │   └── thenify@3.3.0 
│ │ ├── parse5@5.1.1 
│ │ ├─┬ parse5-htmlparser2-tree-adapter@5.1.1 
│ │ │ └── parse5@5.1.1 
│ │ └─┬ yargs@15.3.1 
│ │   ├─┬ cliui@6.0.0 
│ │   │ └── wrap-ansi@6.2.0 
│ │   ├── decamelize@1.2.0 
│ │   ├─┬ find-up@4.1.0 
│ │   │ ├─┬ locate-path@5.0.0 
│ │   │ │ └─┬ p-locate@4.1.0 
│ │   │ │   └─┬ p-limit@2.3.0 
│ │   │ │     └── p-try@2.2.0 
│ │   │ └── path-exists@4.0.0 
│ │   ├── get-caller-file@2.0.5 
│ │   ├── require-directory@2.1.1 
│ │   ├── require-main-filename@2.0.0 
│ │   ├── set-blocking@2.0.0 
│ │   ├─┬ string-width@4.2.0 
│ │   │ └── is-fullwidth-code-point@3.0.0 
│ │   ├── which-module@2.0.0 
│ │   ├── y18n@4.0.0 
│ │   └── yargs-parser@18.1.3 
│ ├─┬ clipboardy@2.3.0 
│ │ └── is-wsl@2.1.1 
│ ├─┬ cliui@6.0.0 
│ │ ├─┬ string-width@4.2.0 
│ │ │ └── is-fullwidth-code-point@3.0.0 
│ │ └─┬ wrap-ansi@6.2.0 
│ │   └─┬ ansi-styles@4.2.1 
│ │     └─┬ color-convert@2.0.1 
│ │       └── color-name@1.1.4 
│ ├─┬ copy-webpack-plugin@5.1.1 
│ │ ├─┬ 
 DEBUG [e366c550] 	cacache@12.0.4 
│ │ │ ├─┬ mississippi@3.0.0 
│ │ │ │ ├─┬ duplexify@3.7.1 
│ │ │ │ │ └── stream-shift@1.0.1 
│ │ │ │ ├── end-of-stream@1.4.4 
│ │ │ │ ├── flush-write-stream@1.1.1 
│ │ │ │ ├── from2@2.3.0 
│ │ │ │ ├─┬ parallel-transform@1.2.0 
│ │ │ │ │ └── cyclist@1.0.1 
│ │ │ │ ├─┬ pumpify@1.5.1 
│ │ │ │ │ └── pump@2.0.1 
│ │ │ │ ├── stream-each@1.2.3 
│ │ │ │ └── through2@2.0.5 
│ │ │ └── ssri@6.0.1 
│ │ ├─┬ glob-parent@3.1.0 
│ │ │ ├── is-glob@3.1.0 
│ │ │ └── path-dirname@1.0.2 
│ │ ├─┬ globby@7.1.1 
│ │ │ ├── ignore@3.3.10 
│ │ │ ├── pify@3.0.0 
│ │ │ └── slash@1.0.0 
│ │ ├── normalize-path@3.0.0 
│ │ ├─┬ p-limit@2.3.0 
│ │ │ └── p-try@2.2.0 
│ │ ├── schema-utils@1.0.0 
│ │ └─┬ webpack-log@2.0.0 
│ │   └── ansi-colors@3.2.4 
│ ├─┬ css-loader@3.5.2 
│ │ ├── camelcase@5.3.1 
│ │ ├── cssesc@3.0.0 
│ │ ├── icss-utils@4.1.1 
│ │ ├── postcss-modules-extract-imports@2.0.0 
│ │ ├── postcss-modules-local-by-default@3.0.2 
│ │ ├── postcss-modules-scope@2.2.0 
│ │ ├── postcss-modules-values@3.0.0 
│ │ └── semver@6.3.0 
│ ├─┬ cssnano@4.1.10 
│ │ ├─┬ cosmiconfig@5.2.1 
│ │ │ ├─┬ import-fresh@2.0.0 
│ │ │ │ └─┬ caller-path@2.0.0 
│ │ │ │   └─┬ caller-callsite@2.0.0 
│ │ │ │     └── callsites@2.0.0 
│ │ │ ├── is-directory@0.3.1 
│ │ │ └── parse-json@4.0.0 
│ │ └── is-resolvable@1.1.0 
│ ├─┬ debug@4.1.1 
│ │ └── ms@2.1.2 
│ ├─┬ default-gateway@5.0.5 
│ │ └─┬ execa@3.4.0 
│ │   ├─┬ cross-spawn@7.0.2 
│ │   │ ├── path-key@3.1.1 
│ │   │ ├─┬ shebang-command@2.0.0 
│ │   │ │ └── shebang-regex@3.0.0 
│ │   │ └── which@2.0.2 
│ │   ├── get-stream@5.1.0 
│ │   ├── human-signals@1.1.1 
│ │   ├── is-stream@2.0.0 
│ │   ├── npm-run-path@4.0.1 
│ │   ├─┬ onetime@5.1.0 
│ │   │ └── mimic-fn@2.1.0 
│ │   ├── p-finally@2.0.1 
│ │   └── strip-final-newline@2.0.0 
│ ├── dotenv@8.2.0 
│ ├── dotenv-expand@5.1.0 
│ ├── file-loader@4.3.0 
│ ├─┬ fs-extra@7.0.1 
│ │ ├── graceful-fs@4.2.3 
│ │ ├── jsonfile@4.0.0 
│ │ └── universalify@0.1.2 
│ ├── hash-sum@2.0.0 
│ ├─┬ html-webpack-plugin@3.2.0 
│ │ ├─┬ html-minifier@3.5.21 
│ │ │ ├─┬ camel-case@3.0.0 
│ │ │ │ ├─┬ no-case@2.3.2 
│ │ │ │ │ └── lower-case@1.1.4 
│ │ │ │ └── upper-case@1.1.3 
│ │ │ ├─┬ clean-css@4.2.3 
│ │ │ │ └── source-map@0.6.1 
│ │ │ ├── commander@2.17.1 
│ │ │ ├── param-case@2.1.1 
│ │ │ ├── relateurl@0.2.7 
│ │ │ └─┬ uglify-js@3.4.10 
│ │ │   ├── commander@2.19.0 
│ │ │   └── source-map@0.6.1 
│ │ ├─┬ loader-utils@0.2.17 
│ │ │ ├── big.js@3.2.0 
│ │ │ ├── emojis-list@2.1.0 
│ │ │ └── json5@0.5.1 
│ │ ├─┬ pretty-error@2.1.1 
│ │ │ ├─┬ renderkid@2.0.3 
│ │ │ │ ├─┬ css-select@1.2.0 
│ │ │ │ │ ├── boolbase@1.0.0 
│ │ │ │ │ ├── css-what@2.1.3 
│ │ │ │ │ ├── domutils@1.5.1 
│ │ │ │ │ └── nth-check@1.0.2 
│ │ │ │ ├── dom-converter@0.2.0 
│ │ │ │ ├─┬ htmlparser2@3.10.1 
│ │ │ │ │ ├── domelementtype@1.3.1 
│ │ │ │ │ ├── domhandler@2.4.2 
│ │ │ │ │ ├─┬ domutils@1.7.0 
│ │ │ │ │ │ └─┬ dom-serializer@0.2.2 
│ │ │ │ │ │   ├── domelementtype@2.0.1 
│ │ │ │ │ │   └── entities@2.0.0 
│ │ │ │ │ ├── entities@1.1.2 
│ │ │ │ │ └── readable-stream@3.6.0 
│ │ │ │ └─┬ strip-ansi@3.0.1 
│ │ │ │   └── ansi-regex@2.1.1 
│ │ │ └── utila@0.4.0 
│ │ ├── toposort@1.0.7 
│ │ └─┬ util.promisify@1.0.0 
│ │   └── object.getownpropertydescriptors@2.1.0 
│ ├── launch-editor-middleware@2.2.1 
│ ├── lodash.defaultsdeep@4.6.1 
│ ├── lodash.mapvalues@4.6.0 
│ ├── lodash.transform@4.6.0 
│ ├─┬ mini-css-extract-plugin@0.9.0 
│ │ ├─┬ normalize-url@1.9.1 
│ │ │ ├── prepend-http@1.0.4 
│ │ │ ├─┬ query-string@4.3.4 
│ │ │ │ └── strict-uri-encode@1.1.0 
│ │ │ └─┬ sort-keys@1.1.2 
│ │ │   └── is-plain-obj@1.1.0 
│ │ └── schema-utils@1.0.0 
│ ├── minimist@1.2.5 
│ ├─┬ pnp-webpack-plugin@1.6.4 
│ │ └── ts-pnp@1.2.0 
│ ├─┬ portfinder@1.0.25 
│ │ ├── async@2.6.3 
│ │ └─┬ debug@3.2.6 
│ │   └── ms@2.1.2 
│ ├─┬ postcss-loader@3.0.0 
│ │ ├─┬ postcss-load-config@2.1.0 
│ │ │ └─┬ import-cwd@2.1.0 
│ │ │   └── import-from@2.1.0 
│ │ └── schema-utils@1.0.0 
│ ├─┬ ssri@7.1.0 
│ │ ├── figgy-pudding@3.5.2 
│ │ └─┬ minipass@3.1.1 
│ │   └── yallist@4.0.0 
│ ├─┬ terser-webpack-plugin@2.3.5 
│ │ ├─┬ cacache@13.0.1 
│ │ │ ├── chownr@1.1.4 
│ │ │ ├── fs-minipass@2.1.0 
│ │ │ ├── infer-owner@1.0.4 
│ │ │ ├── minipass-collect@1.0.2 
│ │ │ ├── minipass-flush@1.0.5 
│ │ │ ├── minipass-pipeline@1.2.2 
│ │ │ ├─┬ move-concurrently@1.0.1 
│ │ │ │ ├── aproba@1.2.0 
│ │ │ │ ├─┬ copy-concurrently@1.0.5 
│ │ │ │ │ └── iferr@0.1.5 
│ │ │ │ ├── fs-write-stream-atomic@1.0.10 
│ │ │ │ └── run-queue@1.0.3 
│ │ │ ├─┬ p-map@3.0.0 
│ │ │ │ └─┬ aggregate-error@3.0.1 
│ │ │ │   ├── clean-stack@2.2.0 
│ │ │ │   └── indent-string@4.0.0 
│ │ │ ├── promise-inflight@1.0.1 
│ │ │ └─┬ unique-filename@1.1.1 
│ │ │   └── unique-slug@2.0.2 
│ │ ├─┬ find-cache-dir@3.3.1 
│ │ │ ├─┬ make-dir@3.0.2 
│ │ │ │ └── semver@6.3.0 
│ │ │ └─┬ pkg-dir@4.2.0 
│ │ │   └─┬ find-up@4.1.0 
│ │ │     ├─┬ locate-path@5.0.0 
│ │ │     │ └── p-locate@4.1.0 
│ │ │     └── path-exists@4.0.0 
│ │ ├─┬ jest-worker@25.4.0 
│ │ │ ├── merge-stream@2.0.0 
│ │ │ └─┬ supports-color@7.1.0 
│ │ │   └── has-flag@4.0.0 
│ │ ├─┬ p-limit@2.3.0 
│ │ │ └── p-try@2.2.0 
│ │ ├── serialize-javascript@2.1.2 
│ │ ├── source-map@0.6.1 
│ │ └─┬ terser@4.6.11 
│ │   ├── source-map@0.6.1 
│ │   └─┬ source-map-support@0.5.17 
│ │     └── source-map@0.6.1 
│ ├─┬ url-loader@2.3.0 
│ │ └── mime@2.4.4 
│ ├─┬ vue-loader@15.9.1 
│ │ ├── hash-sum@1.0.2 
│ │ └── vue-hot-reload-api@2.3.4 
│ ├─┬ vue-style-loader@4.1.2 
│ │ └── hash-sum@1.0.2 
│ ├─┬ webpack-bundle-analyzer@3.7.0 
│ │ ├── acorn@7.1.1 
│ │ ├── acorn-walk@7.1.1 
│ │ ├─┬ bfj@6.1.2 
│ │ │ ├── check-types@8.0.3 
│ │ │ ├── hoopy@0.1.4 
│ │ │ └── tryer@1.0.1 
│ │ ├── commander@2.20.3 
│ │ ├── ejs@2.7.4 
│ │ ├─┬ express@4.17.1 
│ │ │ ├─┬ accepts@1.3.7 
│ │ │ │ └── negotiator@0.6.2 
│ │ │ ├── array-flatten@1.1.1 
│ │ │ ├─┬ body-parser@1.19.0 
│ │ │ │ ├── bytes@3.1.0 
│ │ │ │ ├── debug@2.6.9 
│ │ │ │ ├─┬ http-errors@1.7.2 
│ │ │ │ │ ├── inherits@2.0.3 
│ │ │ │ │ └── toidentifier@1.0.0 
│ │ │ │ ├── qs@6.7.0 
│ │ │ │ └── raw-body@2.4.0 
│ │ │ ├── content-disposition@0.5.3 
│ │ │ ├── content-type@1.0.4 
│ │ │ ├── cookie@0.4.0 
│ │ │ ├── cookie-signature@1.0.6 
│ │ │ ├── debug@2.6.9 
│ │ │ ├── depd@1.1.2 
│ │ │ ├── encodeurl@1.0.2 
│ │ │ ├── escape-html@1.0.3 
│ │ │ ├── etag@1.8.1 
│ │ │ ├─┬ finalhandler@1.1.2 
│ │ │ │ ├── debug@2.6.9 
│ │ │ │ └── unpipe@1.0.0 
│ │ │ ├── fresh@0.5.2 
│ │ │ ├── merge-descriptors@1.0.1 
│ │ │ ├── methods@1.1.2 
│ │ │ ├─┬ on-finished@2.3.0 
│ │ │ │ └── ee-first@1.1.1 
│ │ │ ├── parseurl@1.3.3 
│ │ │ ├── path-to-regexp@0.1.7 
│ │ │ ├─┬ proxy-addr@2.0.6 
│ │ │ │ └── forwarded@0.1.2 
│ │ │ ├── qs@6.7.0 
│ │ │ ├── range-parser@1.2.1 
│ │ │ ├─┬ send@0.17.1 
│ │ │ │ ├─┬ debug@2.6.9 
│ │ │ │ │ └── ms@2.0.0 
│ │ │ │ ├── destroy@1.0.4 
│ │ │ │ ├── mime@1.6.0 
│ │ │ │ └── ms@2.1.1 
│ │ │ ├── serve-static@1.14.1 
│ │ │ ├── setprototypeof@1.1.1 
│ │ │ ├── statuses@1.5.0 
│ │ │ ├─┬ type-is@1.6.18 
│ │ │ │ └── media-typer@0.3.0 
│ │ │ ├── utils-merge@1.0.1 
│ │ │ └── vary@1.1.2 
│ │ ├── filesize@3.6.1 
│ │ ├─┬ gzip-size@5.1.1 
│ │ │ └── duplexer@0.1.1 
│ │ ├── opener@1.5.1 
│ │ └─┬ ws@6.2.1 
│ │   └── async-limiter@1.0.1 
│ ├─┬ webpack-chain@6.4.0 
│ │ ├── deepmerge@1.5.2 
│ │ └── javascript-stringify@2.0.1 
│ ├─┬ webpack-dev-server@3.10.3 
│ │ ├── ansi-html@0.0.7 
│ │ ├─┬ bonjour@3.5.0 
│ │ │ ├── array-flatten@2.1.2 
│ │ │ ├─┬ deep-equal@1.1.1 
│ │ │ │ ├── is-arguments@1.0.4 
│ │ │ │ ├── is-date-object@1.0.2 
│ │ │ │ ├── object-is@1.1.2 
│ │ │ │ └── regexp.prototype.flags@1.3.0 
│ │ │ ├── dns-equal@1.0.0 
│ │ │ ├─┬ dns-txt@2.0.2 
│ │ │ │ └── buffer-indexof@1.1.1 
│ │ │ ├─┬ multicast-dns@6.2.3 
│ │ │ │ ├── dns-packet@1.3.1 
│ │ │ │ └── thunky@1.1.0 
│ │ │ └── multicast-dns-service-types@1.1.0 
│ │ ├─┬ compression@1.7.4 
│ │ │ ├── bytes@3.0.0 
│ │ │ ├── compressible@2.0.18 
│ │ │ ├── debug@2.6.9 
│ │ │ └── on-headers@1.0.2 
│ │ ├── connect-history-api-fallback@1.6.0 
│ │ ├─┬ debug@4.1.1 
│ │ │ └── ms@2.1.2 
│ │ ├─┬ del@4.1.1 
│ │ │ ├─┬ globby@6.1.0 
│ │ │ │ ├── pify@2.3.0 
│ │ │ │ └─┬ pinkie-promise@2.0.1 
│ │ │ │   └── pinkie@2.0.4 
│ │ │ ├── is-path-cwd@2.2.0 
│ │ │ ├─┬ is-path-in-cwd@2.1.0 
│ │ │ │ └── is-path-inside@2.1.0 
│ │ │ └── p-map@2.1.0 
│ │ ├── html-entities@1.3.1 
│ │ ├─┬ http-proxy-middleware@0.19.1 
│ │ │ └─┬ http-proxy@1.18.0 
│ │ │   ├── eventemitter3@4.0.0 
│ │ │   └── requires-port@1.0.0 
│ │ ├─┬ internal-ip@4.3.0 
│ │ │ ├── default-gateway@4.2.0 
│ │ │ └── ipaddr.js@1.9.1 
│ │ ├── ip@1.1.5 
│ │ ├── is-absolute-url@3.0.3 
│ │ ├── killable@1.0.1 
│ │ ├── loglevel@1.6.8 
│ │ ├── opn@5.5.0 
│ │ ├─┬ p-retry@3.0.1 
│ │ │ └── retry@0.12.0 
│ │ ├── schema-utils@1.0.0 
│ │ ├─┬ selfsigned@1.10.7 
│ │ │ └── node-forge@0.9.0 
│ │ ├── semver@6.3.0 
│ │ ├─┬ serve-index@1.9.1 
│ │ │ ├── batch@0.6.1 
│ │ │ ├── debug@2.6.9 
│ │ │ └─┬ http-errors@1.6.3 
│ │ │   ├── inherits@2.0.3 
│ │ │   └── setprototypeof@1.1.0 
│ │ ├─┬ sockjs@0.3.19 
│ │ │ └─┬ faye-websocket@0.10.0 
│ │ │   └─┬ websocket-driver@0.7.3 
│ │ │     ├── http-parser-js@0.4.10 
│ │ │     └── websocket-extensions@0.1.3 
│ │ ├─┬ sockjs-client@1.4.0 
│ │ │ ├─┬ debug@3.2.6 
│ │ │ │ └── ms@2.1.2 
│ │ │ ├─┬ eventsource@1.0.7 
│ │ │ │ └── original@1.0.2 
│ │ │ ├── faye-websocket@0.11.3 
│ │ │ ├── json3@3.3.3 
│ │ │ └─┬ url-parse@1.4.7 
│ │ │   └── querystringify@2.1.1 
│ │ ├─┬ spdy@4.0.2 
│ │ │ ├─┬ debug@4.1.1 
│ │ │ │ └── ms@2.1.2 
│ │ │ ├── handle-thing@2.0.1 
│ │ │ ├── http-deceiver@1.2.7 
│ │ │ ├── select-hose@2.0.0 
│ │ │ └─┬ spdy-transport@3.0.0 
│ │ │   ├─┬ debug@4.1.1 
│ │ │   │ └── ms@2.1.2 
│ │ │   ├── detect-node@2.0.4 
│ │ │   ├── hpack.js@2.1.6 
│ │ │   ├── obuf@1.1.2 
│ │ │   ├── readable-stream@3.6.0 
│ │ │   └─┬ wbuf@1.7.3 
│ │ │     └── minimalistic-assert@1.0.1 
│ │ ├─┬ strip-ansi@3.0.1 
│ │ │ └── ansi-regex@2.1.1 
│ │ ├── supports-color@6.1.0 
│ │ ├── webpack-dev-middleware@3.7.2 
│ │ ├── ws@6.2.1 
│ │ └─┬ yargs@12.0.5 
│ │   ├─┬ cliui@4.1.0 
│ │   │ ├─┬ strip-ansi@4.0.0 
│ │   │ │ └── ansi-regex@3.0.0 
│ │   │ └─┬ wrap-ansi@2.1.0 
│ │   │   └─┬ string-width@1.0.2 
│ │   │     └── is-fullwidth-code-point@1.0.0 
│ │   ├─┬ find-up@3.0.0 
│ │   │ └─┬ locate-path@3.0.0 
│ │   │   └─┬ p-locate@3.0.0 
│ │   │     └─┬ p-limit@2.3.0 
│ │   │       └── p-try@2.2.0 
│ │   ├── get-caller-file@1.0.3 
│ │   ├─┬ os-locale@3.1.0 
│ │   │ ├─┬ lcid@2.0.0 
│ │   │ │ └── invert-kv@2.0.0 
│ │   │ └─┬ mem@4.3.0 
│ │   │   ├─┬ map-age-cleaner@0.1.3 
│ │   │   │ └── p-defer@1.0.0 
│ │   │   ├── mimic-fn@2.1.0 
│ │   │   └── p-is-promise@2.1.0 
│ │   ├── require-main-filename@1.0.1 
│ │   ├─┬ string-width@2.1.1 
│ │   │ ├── is-fullwidth-code-point@2.0.0 
│ │   │ └─┬ strip-ansi@4.0.0 
│ │   │   └── ansi-regex@3.0.0 
│ │   └── yargs-parser@11.1.1 
│ └── webpack-merge@4.2.2 
├─┬ @vue/eslint-config-airbnb@5.0.2 
│ ├─┬ eslint-config-airbnb-base@14.1.0 
│ │ ├── confusing-browser-globals@1.0.9 
│ │ ├─┬ object.assign@4.1.0 
│ │ │ ├── has-symbols@1.0.1 
│ │ │ └── object-keys@1.1.1 
│ │ └── object.entries@1.1.1 
│ ├─┬ eslint-import-resolver-node@0.3.3 
│ │ └── debug@2.6.9 
│ └─┬ eslint-import-resolver-webpack@0.11.1 
│   ├── array-find@1.0.0 
│   ├── debug@2.6.9 
│   ├─┬ enhanced-resolve@0.9.1 
│   │ ├── memory-fs@0.2.0 
│   │ └── tapable@0.1.10 
│   ├── find-root@1.1.0 
│   └── interpret@1.2.0 
├─┬ @vue/test-utils@1.0.0-beta.31 
│ ├── dom-event-types@1.0.0 
│ ├── lodash@4.17.15 
│ └─┬ pretty@2.0.0 
│   ├─┬ condense-newlines@0.2.1 
│   │ ├── extend-shallow@2.0.1 
│   │ ├── is-whitespace@0.3.0 
│   │ └─┬ kind-of@3.2.2 
│   │   └── is-buffer@1.1.6 
│   └─┬ extend-shallow@2.0.1 
│     └── is-extendable@0.1.1 
├─┬ axios@0.19.2 
│ └─┬ follow-redirects@1.5.10 
│   └── debug@3.1.0 
├─┬ babel-eslint@10.1.0 
│ ├─┬ @babel/code-frame@7.8.3 
│ │ └─┬ @babel/highlight@7.9.0 
│ │   └── js-tokens@4.0.0 
│ ├── @babel/parser@7.9
 DEBUG [e366c550] 	npm
 DEBUG [e366c550] 	 WARN
 DEBUG [e366c550] 	 optional
 DEBUG [e366c550] 	 Skipping failed optional dependency /chokidar/fsevents:
 DEBUG [e366c550] 	npm 
 DEBUG [e366c550] 	WARN 
 DEBUG [e366c550] 	notsup Not compatible with your operating system or architecture: fsevents@1.2.12
 DEBUG [e366c550] 	npm 
 DEBUG [e366c550] 	WARN 
 DEBUG [e366c550] 	optional
 DEBUG [e366c550] 	 Skipping failed optional dependency /jest-haste-map/fsevents:
 DEBUG [e366c550] 	npm 
 DEBUG [e366c550] 	WARN 
 DEBUG [e366c550] 	notsup
 DEBUG [e366c550] 	 Not compatible with your operating system or architecture: fsevents@1.2.12
 DEBUG [e366c550] 	npm 
 DEBUG [e366c550] 	WARN
 DEBUG [e366c550] 	 sass-loader@8.0.2 requires a peer of node-sass@^4.0.0 but none was installed.
 DEBUG [e366c550] 	npm 
 DEBUG [e366c550] 	WARN
 DEBUG [e366c550] 	 sass-loader@8.0.2 requires a peer of fibers@>= 3.1.0 but none was installed.
 DEBUG [e366c550] 	npm 
 DEBUG [e366c550] 	WARN
 DEBUG [e366c550] 	 jsdom@15.2.1 requires a peer of canvas@^2.5.0 but none was installed.
 DEBUG [e366c550] 	npm 
 DEBUG [e366c550] 	WARN
 DEBUG [e366c550] 	 ws@7.2.3 requires a peer of bufferutil@^4.0.1 but none was installed.
 DEBUG [e366c550] 	npm 
 DEBUG [e366c550] 	WARN
 DEBUG [e366c550] 	 ws@7.2.3 requires a peer of utf-8-validate@^5.0.2 but none was installed.
 DEBUG [e366c550] 	.4 
│ ├─┬ @babel/traverse@7.9.5 
│ │ ├─┬ @babel/helper-function-name@7.9.5 
│ │ │ └── @babel/helper-get-function-arity@7.8.3 
│ │ ├── @babel/helper-split-export-declaration@7.8.3 
│ │ └─┬ debug@4.1.1 
│ │   └── ms@2.1.2 
│ ├─┬ @babel/types@7.9.5 
│ │ ├── @babel/helper-validator-identifier@7.9.5 
│ │ └── to-fast-properties@2.0.0 
│ ├── eslint-visitor-keys@1.1.0 
│ └─┬ resolve@1.16.1 
│   └── path-parse@1.0.6 
├── core-js@3.6.5 
├─┬ eslint@6.8.0 
│ ├─┬ ajv@6.12.2 
│ │ ├── fast-deep-equal@3.1.1 
│ │ ├── json-schema-traverse@0.4.1 
│ │ └─┬ uri-js@4.2.2 
│ │   └── punycode@2.1.1 
│ ├─┬ chalk@2.4.2 
│ │ ├─┬ ansi-styles@3.2.1 
│ │ │ └─┬ color-convert@1.9.3 
│ │ │   └── color-name@1.1.3 
│ │ └── escape-string-regexp@1.0.5 
│ ├─┬ cross-spawn@6.0.5 
│ │ ├── nice-try@1.0.5 
│ │ ├── path-key@2.0.1 
│ │ ├─┬ shebang-command@1.2.0 
│ │ │ └── shebang-regex@1.0.0 
│ │ └─┬ which@1.3.1 
│ │   └── isexe@2.0.0 
│ ├─┬ debug@4.1.1 
│ │ └── ms@2.1.2 
│ ├── doctrine@3.0.0 
│ ├─┬ eslint-scope@5.0.0 
│ │ ├── esrecurse@4.2.1 
│ │ └── estraverse@4.3.0 
│ ├── eslint-utils@1.4.3 
│ ├─┬ espree@6.2.1 
│ │ ├── acorn@7.1.1 
│ │ └── acorn-jsx@5.2.0 
│ ├─┬ esquery@1.3.1 
│ │ └── estraverse@5.1.0 
│ ├── esutils@2.0.3 
│ ├─┬ file-entry-cache@5.0.1 
│ │ └─┬ flat-cache@2.0.1 
│ │   ├── flatted@2.0.2 
│ │   ├── rimraf@2.6.3 
│ │   └── write@1.0.3 
│ ├── functional-red-black-tree@1.0.1 
│ ├── glob-parent@5.1.1 
│ ├─┬ globals@12.4.0 
│ │ └── type-fest@0.8.1 
│ ├── ignore@4.0.6 
│ ├─┬ import-fresh@3.2.1 
│ │ ├── parent-module@1.0.1 
│ │ └── resolve-from@4.0.0 
│ ├── imurmurhash@0.1.4 
│ ├─┬ is-glob@4.0.1 
│ │ └── is-extglob@2.1.1 
│ ├─┬ js-yaml@3.13.1 
│ │ ├─┬ argparse@1.0.10 
│ │ │ └── sprintf-js@1.0.3 
│ │ └── esprima@4.0.1 
│ ├── json-stable-stringify-without-jsonify@1.0.1 
│ ├─┬ levn@0.3.0 
│ │ ├── prelude-ls@1.1.2 
│ │ └── type-check@0.3.2 
│ ├─┬ minimatch@3.0.4 
│ │ └─┬ brace-expansion@1.1.11 
│ │   ├── balanced-match@1.0.0 
│ │   └── concat-map@0.0.1 
│ ├── mkdirp@0.5.5 
│ ├── natural-compare@1.4.0 
│ ├─┬ optionator@0.8.3 
│ │ ├── deep-is@0.1.3 
│ │ ├── fast-levenshtein@2.0.6 
│ │ └── word-wrap@1.2.3 
│ ├── progress@2.0.3 
│ ├── regexpp@2.0.1 
│ ├── semver@6.3.0 
│ ├─┬ strip-ansi@5.2.0 
│ │ └── ansi-regex@4.1.0 
│ ├── strip-json-comments@3.1.0 
│ ├─┬ table@5.4.6 
│ │ ├─┬ slice-ansi@2.1.0 
│ │ │ └── is-fullwidth-code-point@2.0.0 
│ │ └─┬ string-width@3.1.0 
│ │   ├── emoji-regex@7.0.3 
│ │   └── strip-ansi@5.2.0 
│ ├── text-table@0.2.0 
│ └── v8-compile-cache@2.1.0 
├─┬ eslint-plugin-import@2.20.2 
│ ├─┬ array-includes@3.1.1 
│ │ ├── define-properties@1.1.3 
│ │ ├─┬ es-abstract@1.17.5 
│ │ │ ├─┬ es-to-primitive@1.2.1 
│ │ │ │ └── is-symbol@1.0.3 
│ │ │ ├── is-callable@1.1.5 
│ │ │ ├── is-regex@1.0.5 
│ │ │ ├── object-inspect@1.7.0 
│ │ │ ├─┬ string.prototype.trimleft@2.1.2 
│ │ │ │ └── string.prototype.trimstart@1.0.1 
│ │ │ └─┬ string.prototype.trimright@2.1.2 
│ │ │   └── string.prototype.trimend@1.0.1 
│ │ └── is-string@1.0.5 
│ ├── array.prototype.flat@1.2.3 
│ ├── contains-path@0.1.0 
│ ├─┬ debug@2.6.9 
│ │ └── ms@2.0.0 
│ ├─┬ doctrine@1.5.0 
│ │ └── isarray@1.0.0 
│ ├─┬ eslint-module-utils@2.6.0 
│ │ ├── debug@2.6.9 
│ │ └── pkg-dir@2.0.0 
│ ├─┬ has@1.0.3 
│ │ └── function-bind@1.1.1 
│ ├── object.values@1.1.1 
│ └─┬ read-pkg-up@2.0.0 
│   ├─┬ find-up@2.1.0 
│   │ └─┬ locate-path@2.0.0 
│   │   └─┬ p-locate@2.0.0 
│   │     └─┬ p-limit@1.3.0 
│   │       └── p-try@1.0.0 
│   └─┬ read-pkg@2.0.0 
│     ├─┬ load-json-file@2.0.0 
│     │ ├── parse-json@2.2.0 
│     │ └── pify@2.3.0 
│     └── path-type@2.0.0 
├─┬ eslint-plugin-vue@6.2.2 
│ ├── semver@5.7.1 
│ └─┬ vue-eslint-parser@7.0.0 
│   ├─┬ debug@4.1.1 
│   │ └── ms@2.1.2 
│   └── eslint-scope@5.0.0 
├── UNMET PEER DEPENDENCY fibers@>= 3.1.0
├── js-cookie@2.2.1 
├── UNMET PEER DEPENDENCY node-sass@^4.0.0
├─┬ sass@1.26.3 
│ └─┬ chokidar@2.1.8 
│   ├─┬ anymatch@2.0.0 
│   │ └─┬ normalize-path@2.1.1 
│   │   └── remove-trailing-separator@1.1.0 
│   ├── async-each@1.0.3 
│   ├─┬ braces@2.3.2 
│   │ ├── arr-flatten@1.1.0 
│   │ ├── extend-shallow@2.0.1 
│   │ ├─┬ fill-range@4.0.0 
│   │ │ ├── extend-shallow@2.0.1 
│   │ │ ├─┬ is-number@3.0.0 
│   │ │ │ └── kind-of@3.2.2 
│   │ │ ├── repeat-string@1.6.1 
│   │ │ └── to-regex-range@2.1.1 
│   │ ├── isobject@3.0.1 
│   │ ├── repeat-element@1.1.3 
│   │ ├─┬ snapdragon-node@2.1.1 
│   │ │ ├─┬ define-property@1.0.0 
│   │ │ │ └─┬ is-descriptor@1.0.2 
│   │ │ │   ├── is-accessor-descriptor@1.0.0 
│   │ │ │   └── is-data-descriptor@1.0.0 
│   │ │ └─┬ snapdragon-util@3.0.1 
│   │ │   └── kind-of@3.2.2 
│   │ └── split-string@3.1.0 
│   ├── inherits@2.0.4 
│   ├─┬ is-binary-path@1.0.1 
│   │ └── binary-extensions@1.13.1 
│   ├── path-is-absolute@1.0.1 
│   ├── readdirp@2.2.1 
│   └── upath@1.2.0 
├─┬ sass-loader@8.0.2 
│ ├─┬ clone-deep@4.0.1 
│ │ ├── is-plain-object@2.0.4 
│ │ ├── kind-of@6.0.3 
│ │ └── shallow-clone@3.0.1 
│ ├─┬ loader-utils@1.4.0 
│ │ ├── big.js@5.2.2 
│ │ ├── emojis-list@3.0.0 
│ │ └── json5@1.0.1 
│ ├── neo-async@2.6.1 
│ ├── schema-utils@2.6.6 
│ └── semver@6.3.0 
├── vue@2.6.11 
├── vue-router@3.1.6 
├── vue-select@3.10.1 
├─┬ vue-template-compiler@2.6.11 
│ ├── de-indent@1.0.2 
│ └── he@1.2.0 
└── vuex@3.2.0 

  INFO [e366c550] Finished in 160.091 seconds with exit status 0 (successful).
 DEBUG [adc3f415] Running if test ! -d /var/www/iloilo-client-test/releases/20200421133726; then echo "Directory does not exist '/var/www/iloilo-client-test/releases/20200421133726'" 1>&2; false; fi as iloilo@ilo-ilo.me
 DEBUG [adc3f415] Command: if test ! -d /var/www/iloilo-client-test/releases/20200421133726; then echo "Directory does not exist '/var/www/iloilo-client-test/releases/20200421133726'" 1>&2; false; fi
 DEBUG [adc3f415] Finished in 0.124 seconds with exit status 0 (successful).
  INFO [2c77b3cd] Running /usr/bin/env npm run build as iloilo@ilo-ilo.me
 DEBUG [2c77b3cd] Command: cd /var/www/iloilo-client-test/releases/20200421133726 && /usr/bin/env npm run build
 DEBUG [2c77b3cd] 	
> iloilo@0.1.0 build /var/www/iloilo-client-test/releases/20200421133726
> vue-cli-service build

 DEBUG [2c77b3cd] 	
 DEBUG [2c77b3cd] 	-  Building for production...
 DEBUG [2c77b3cd] 	 ERROR  Failed to compile with 5 errors1:40:37 PM
 DEBUG [2c77b3cd] 	
 DEBUG [2c77b3cd] 	 error  in ./src/store/index.js
 DEBUG [2c77b3cd] 	
 DEBUG [2c77b3cd] 	Module Error (from /var/www/iloilo-client-test/shared/node_modules/eslint-loader/index.js):

/var/www/iloilo-client-test/releases/20200421133726/src/store/index.js
  65:7  error  Unexpected console statement  no-console
  71:7  error  Unexpected console statement  no-console
  91:9  error  Unexpected console statement  no-console

✖ 3 problems (3 errors, 0 warnings)


 @ ./src/main.js 8:0-28 12:9-14
 @ multi ./src/main.js

 error  in ./src/views/Evaluation.vue

Module Error (from /var/www/iloilo-client-test/shared/node_modules/eslint-loader/index.js):

/var/www/iloilo-client-test/releases/20200421133726/src/views/Evaluation.vue
  208:7  error  Unexpected console statement  no-console
  254:7  error  Unexpected console statement  no-console

✖ 2 problems (2 errors, 0 warnings)

 DEBUG [2c77b3cd] 	
 @ ./src/config/router.js 8:0-49 35:13-23
 @ ./src/main.js
 @ multi ./src/main.js

 error  in ./src/views/Profile.vue

Module Error (from /var/www/iloilo-client-test/shared/node_modules/eslint-loader/index.js):

/var/www/iloilo-client-test/releases/20200421133726/src/views/Profile.vue
  145:9   error  Unexpected console statement  no-console
  165:11  error  Unexpected console statement  no-console

✖ 2 problems (2 errors, 0 warnings)

 DEBUG [2c77b3cd] 	
 @ ./src/config/router.js 10:0-43 45:13-20
 @ ./src/main.js
 @ multi ./src/main.js

 error  in ./src/views/Quizzes.vue

 DEBUG [2c77b3cd] 	Module Error (from /var/www/iloilo-client-test/shared/node_modules/eslint-loader/index.js):

/var/www/iloilo-client-test/releases/20200421133726/src/views/Quizzes.vue
  97:9  error  Unexpected console statement  no-console

✖ 1 problem (1 error, 0 warnings)


 @ ./src/config/router.js 7:0-43 15:13-20 31:13-20
 @ ./src/main.js
 @ multi ./src/main.js

 error  in ./src/views/Registration.vue
 DEBUG [2c77b3cd] 	
Module Error (from /var/www/iloilo-client-test/shared/node_modules/eslint-loader/index.js):

/var/www/iloilo-client-test/releases/20200421133726/src/views/Registration.vue
  111:9  error  Unexpected console statement  no-console

✖ 1 problem (1 error, 0 warnings)


 @ ./src/config/router.js 6:0-53 27:13-25
 @ ./src/main.js
 @ multi ./src/main.js
 DEBUG [2c77b3cd] 	
 DEBUG [2c77b3cd] 	 ERROR  Build failed with errors.
 DEBUG [2c77b3cd] 	
 DEBUG [2c77b3cd] 	npm
 DEBUG [2c77b3cd] 	 
 DEBUG [2c77b3cd] 	ERR!
 DEBUG [2c77b3cd] 	 Linux 4.15.0-96-generic
 DEBUG [2c77b3cd] 	npm
 DEBUG [2c77b3cd] 	 
 DEBUG [2c77b3cd] 	ERR!
 DEBUG [2c77b3cd] 	 
 DEBUG [2c77b3cd] 	argv
 DEBUG [2c77b3cd] 	 "/usr/bin/node" "/usr/bin/npm" "run" "build"
 DEBUG [2c77b3cd] 	npm
 DEBUG [2c77b3cd] 	 
 DEBUG [2c77b3cd] 	ERR!
 DEBUG [2c77b3cd] 	 
 DEBUG [2c77b3cd] 	node
 DEBUG [2c77b3cd] 	 v8.10.0
 DEBUG [2c77b3cd] 	npm
 DEBUG [2c77b3cd] 	 
 DEBUG [2c77b3cd] 	ERR!
 DEBUG [2c77b3cd] 	 
 DEBUG [2c77b3cd] 	npm 
 DEBUG [2c77b3cd] 	 v3.5.2
 DEBUG [2c77b3cd] 	npm
 DEBUG [2c77b3cd] 	 
 DEBUG [2c77b3cd] 	ERR! code ELIFECYCLE
npm
 DEBUG [2c77b3cd] 	 
 DEBUG [2c77b3cd] 	ERR!
 DEBUG [2c77b3cd] 	 iloilo@0.1.0 build: `vue-cli-service build`
 DEBUG [2c77b3cd] 	npm
 DEBUG [2c77b3cd] 	 
 DEBUG [2c77b3cd] 	ERR!
 DEBUG [2c77b3cd] 	 Exit status 1
 DEBUG [2c77b3cd] 	npm
 DEBUG [2c77b3cd] 	 
 DEBUG [2c77b3cd] 	ERR!
 DEBUG [2c77b3cd] 	 
 DEBUG [2c77b3cd] 	npm
 DEBUG [2c77b3cd] 	 
 DEBUG [2c77b3cd] 	ERR!
 DEBUG [2c77b3cd] 	 Failed at the iloilo@0.1.0 build script 'vue-cli-service build'.
 DEBUG [2c77b3cd] 	npm
 DEBUG [2c77b3cd] 	 
 DEBUG [2c77b3cd] 	ERR!
 DEBUG [2c77b3cd] 	 Make sure you have the latest version of node.js and npm installed.
 DEBUG [2c77b3cd] 	npm
 DEBUG [2c77b3cd] 	 
 DEBUG [2c77b3cd] 	ERR!
 DEBUG [2c77b3cd] 	 If you do, this is most likely a problem with the iloilo package,
 DEBUG [2c77b3cd] 	npm
 DEBUG [2c77b3cd] 	 
 DEBUG [2c77b3cd] 	ERR!
 DEBUG [2c77b3cd] 	 not with npm itself.
 DEBUG [2c77b3cd] 	npm
 DEBUG [2c77b3cd] 	 
 DEBUG [2c77b3cd] 	ERR!
 DEBUG [2c77b3cd] 	 Tell the author that this fails on your system:
 DEBUG [2c77b3cd] 	npm
 DEBUG [2c77b3cd] 	 
 DEBUG [2c77b3cd] 	ERR!
 DEBUG [2c77b3cd] 	     vue-cli-service build
 DEBUG [2c77b3cd] 	npm
 DEBUG [2c77b3cd] 	 
 DEBUG [2c77b3cd] 	ERR!
 DEBUG [2c77b3cd] 	 You can get information on how to open an issue for this project with:
 DEBUG [2c77b3cd] 	npm
 DEBUG [2c77b3cd] 	 
 DEBUG [2c77b3cd] 	ERR!
 DEBUG [2c77b3cd] 	     npm bugs iloilo
 DEBUG [2c77b3cd] 	npm
 DEBUG [2c77b3cd] 	 
 DEBUG [2c77b3cd] 	ERR!
 DEBUG [2c77b3cd] 	 Or if that isn't available, you can get their info via:
 DEBUG [2c77b3cd] 	npm
 DEBUG [2c77b3cd] 	 
 DEBUG [2c77b3cd] 	ERR!
 DEBUG [2c77b3cd] 	     npm owner ls iloilo
 DEBUG [2c77b3cd] 	npm
 DEBUG [2c77b3cd] 	 
 DEBUG [2c77b3cd] 	ERR!
 DEBUG [2c77b3cd] 	 There is likely additional logging output above.
 DEBUG [2c77b3cd] 	
 DEBUG [2c77b3cd] 	npm
 DEBUG [2c77b3cd] 	 
 DEBUG [2c77b3cd] 	ERR!
 DEBUG [2c77b3cd] 	 Please include the following file with any support request:
 DEBUG [2c77b3cd] 	npm
 DEBUG [2c77b3cd] 	 
 DEBUG [2c77b3cd] 	ERR!
 DEBUG [2c77b3cd] 	     /var/www/iloilo-client-test/releases/20200421133726/npm-debug.log
